Logger:         	Automatically truncated logfile to 1048576, MadelineProto 8.3.5
Connection:     	Amp\Socket\ConnectException: Connecting to tcp://venus.web.telegram.org:5222/apiw1 @ tcp://10.10.34.36:5222 failed: timeout exceeded (5.000 s) in /home/jamasb/projects/telestorage/vendor/amphp/socket/src/DnsSocketConnector.php:92
Stack trace:
#0 /home/jamasb/projects/telestorage/vendor/danog/madelineproto/src/Stream/Transport/DefaultStream.php(75): Amp\Socket\DnsSocketConnector->connect('tcp://venus.web...', Object(Amp\Socket\ConnectContext), Object(Amp\NullCancellation))
#1 /home/jamasb/projects/telestorage/vendor/danog/madelineproto/src/Stream/ConnectionContext.php(300): danog\MadelineProto\Stream\Transport\DefaultStream->connect(Object(danog\MadelineProto\Stream\ConnectionContext), '')
#2 /home/jamasb/projects/telestorage/vendor/danog/madelineproto/src/Stream/Common/BufferedRawStream.php(52): danog\MadelineProto\Stream\ConnectionContext->getStream('')
#3 /home/jamasb/projects/telestorage/vendor/danog/madelineproto/src/Stream/ConnectionContext.php(300): danog\MadelineProto\Stream\Common\BufferedRawStream->connect(Object(danog\MadelineProto\Stream\ConnectionContext), '')
#4 /home/jamasb/projects/telestorage/vendor/danog/madelineproto/src/Stream/MTProtoTransport/HttpStream.php(65): danog\MadelineProto\Stream\ConnectionContext->getStream('')
#5 /home/jamasb/projects/telestorage/vendor/danog/madelineproto/src/Stream/MTProtoTransport/HttpsStream.php(41): danog\MadelineProto\Stream\MTProtoTransport\HttpStream->connect(Object(danog\MadelineProto\Stream\ConnectionContext), '')
#6 /home/jamasb/projects/telestorage/vendor/danog/madelineproto/src/Stream/ConnectionContext.php(300): danog\MadelineProto\Stream\MTProtoTransport\HttpsStream->connect(Object(danog\MadelineProto\Stream\ConnectionContext), '')
#7 /home/jamasb/projects/telestorage/vendor/danog/madelineproto/src/Connection.php(286): danog\MadelineProto\Stream\ConnectionContext->getStream()
#8 /home/jamasb/projects/telestorage/vendor/danog/madelineproto/src/Connection.php(592): danog\MadelineProto\Connection->connect()
#9 /home/jamasb/projects/telestorage/vendor/danog/madelineproto/src/MTProtoSession/CallHandler.php(189): danog\MadelineProto\Connection->sendMessage(Object(danog\MadelineProto\MTProto\MTProtoOutgoingMessage))
#10 /home/jamasb/projects/telestorage/vendor/danog/madelineproto/src/MTProtoSession/CallHandler.php(91): danog\MadelineProto\Connection->methodCallAsyncWrite('help.getConfig', Array)
#11 /home/jamasb/projects/telestorage/vendor/danog/madelineproto/src/MTProtoTools/CallHandler.php(45): danog\MadelineProto\Connection->methodCallAsyncRead('help.getConfig', Array)
#12 /home/jamasb/projects/telestorage/vendor/danog/madelineproto/src/MTProto.php(1558): danog\MadelineProto\MTProto->methodCallAsyncRead('help.getConfig', Array)
#13 /home/jamasb/projects/telestorage/vendor/danog/madelineproto/src/MTProto.php(682): danog\MadelineProto\MTProto->getConfig()
#14 /home/jamasb/projects/telestorage/vendor/danog/madelineproto/src/MTProto.php(520): danog\MadelineProto\MTProto->initialize(Object(danog\MadelineProto\Settings))
#15 /home/jamasb/projects/telestorage/vendor/danog/madelineproto/src/API.php(219): danog\MadelineProto\MTProto->__construct(Object(danog\MadelineProto\Settings), Object(danog\MadelineProto\APIWrapper))
#16 /home/jamasb/projects/telestorage/app/Services/Telegram/TelegramSessionService.php(26): danog\MadelineProto\API->__construct('session.madelin...', Object(danog\MadelineProto\Settings))
#17 [internal function]: App\Services\Telegram\API\TelegramSessionService->__construct('session.madelin...')
#18 /home/jamasb/projects/telestorage/vendor/laravel/framework/src/Illuminate/Container/Container.php(983): ReflectionClass->newInstanceArgs(Array)
#19 /home/jamasb/projects/telestorage/vendor/laravel/framework/src/Illuminate/Container/Container.php(815): Illuminate\Container\Container->build('App\\Services\\Te...')
#20 /home/jamasb/projects/telestorage/vendor/laravel/framework/src/Illuminate/Foundation/Application.php(1048): Illuminate\Container\Container->resolve('App\\Services\\Te...', Array, true)
#21 /home/jamasb/projects/telestorage/vendor/laravel/framework/src/Illuminate/Container/Container.php(751): Illuminate\Foundation\Application->resolve('App\\Services\\Te...', Array)
#22 /home/jamasb/projects/telestorage/vendor/laravel/framework/src/Illuminate/Foundation/Application.php(1030): Illuminate\Container\Container->make('App\\Services\\Te...', Array)
#23 /home/jamasb/projects/telestorage/vendor/laravel/framework/src/Illuminate/Container/Container.php(1112): Illuminate\Foundation\Application->make('App\\Services\\Te...')
#24 /home/jamasb/projects/telestorage/vendor/laravel/framework/src/Illuminate/Container/Container.php(1022): Illuminate\Container\Container->resolveClass(Object(ReflectionParameter))
#25 /home/jamasb/projects/telestorage/vendor/laravel/framework/src/Illuminate/Container/Container.php(973): Illuminate\Container\Container->resolveDependencies(Array)
#26 /home/jamasb/projects/telestorage/vendor/laravel/framework/src/Illuminate/Container/Container.php(815): Illuminate\Container\Container->build('App\\Http\\Contro...')
#27 /home/jamasb/projects/telestorage/vendor/laravel/framework/src/Illuminate/Foundation/Application.php(1048): Illuminate\Container\Container->resolve('App\\Http\\Contro...', Array, true)
#28 /home/jamasb/projects/telestorage/vendor/laravel/framework/src/Illuminate/Container/Container.php(751): Illuminate\Foundation\Application->resolve('App\\Http\\Contro...', Array)
#29 /home/jamasb/projects/telestorage/vendor/laravel/framework/src/Illuminate/Foundation/Application.php(1030): Illuminate\Container\Container->make('App\\Http\\Contro...', Array)
#30 /home/jamasb/projects/telestorage/vendor/laravel/framework/src/Illuminate/Routing/Route.php(283): Illuminate\Foundation\Application->make('App\\Http\\Contro...')
#31 /home/jamasb/projects/telestorage/vendor/laravel/framework/src/Illuminate/Routing/Route.php(265): Illuminate\Routing\Route->getController()
#32 /home/jamasb/projects/telestorage/vendor/laravel/framework/src/Illuminate/Routing/Route.php(210): Illuminate\Routing\Route->runController()
#33 /home/jamasb/projects/telestorage/vendor/laravel/framework/src/Illuminate/Routing/Router.php(808): Illuminate\Routing\Route->run()
#34 /home/jamasb/projects/telestorage/vendor/laravel/framework/src/Illuminate/Pipeline/Pipeline.php(144): Illuminate\Routing\Router->Illuminate\Routing\{closure}(Object(Illuminate\Http\Request))
#35 /home/jamasb/projects/telestorage/vendor/laravel/framework/src/Illuminate/Routing/Middleware/SubstituteBindings.php(51): Illuminate\Pipeline\Pipeline->Illuminate\Pipeline\{closure}(Object(Illuminate\Http\Request))
#36 /home/jamasb/projects/telestorage/vendor/laravel/framework/src/Illuminate/Pipeline/Pipeline.php(183): Illuminate\Routing\Middleware\SubstituteBindings->handle(Object(Illuminate\Http\Request), Object(Closure))
#37 /home/jamasb/projects/telestorage/vendor/laravel/framework/src/Illuminate/Foundation/Http/Middleware/VerifyCsrfToken.php(88): Illuminate\Pipeline\Pipeline->Illuminate\Pipeline\{closure}(Object(Illuminate\Http\Request))
#38 /home/jamasb/projects/telestorage/vendor/laravel/framework/src/Illuminate/Pipeline/Pipeline.php(183): Illuminate\Foundation\Http\Middleware\VerifyCsrfToken->handle(Object(Illuminate\Http\Request), Object(Closure))
#39 /home/jamasb/projects/telestorage/vendor/laravel/framework/src/Illuminate/View/Middleware/ShareErrorsFromSession.php(49): Illuminate\Pipeline\Pipeline->Illuminate\Pipeline\{closure}(Object(Illuminate\Http\Request))
#40 /home/jamasb/projects/telestorage/vendor/laravel/framework/src/Illuminate/Pipeline/Pipeline.php(183): Illuminate\View\Middleware\ShareErrorsFromSession->handle(Object(Illuminate\Http\Request), Object(Closure))
#41 /home/jamasb/projects/telestorage/vendor/laravel/framework/src/Illuminate/Session/Middleware/StartSession.php(121): Illuminate\Pipeline\Pipeline->Illuminate\Pipeline\{closure}(Object(Illuminate\Http\Request))
#42 /home/jamasb/projects/telestorage/vendor/laravel/framework/src/Illuminate/Session/Middleware/StartSession.php(64): Illuminate\Session\Middleware\StartSession->handleStatefulRequest(Object(Illuminate\Http\Request), Object(Illuminate\Session\Store), Object(Closure))
#43 /home/jamasb/projects/telestorage/vendor/laravel/framework/src/Illuminate/Pipeline/Pipeline.php(183): Illuminate\Session\Middleware\StartSession->handle(Object(Illuminate\Http\Request), Object(Closure))
#44 /home/jamasb/projects/telestorage/vendor/laravel/framework/src/Illuminate/Cookie/Middleware/AddQueuedCookiesToResponse.php(37): Illuminate\Pipeline\Pipeline->Illuminate\Pipeline\{closure}(Object(Illuminate\Http\Request))
#45 /home/jamasb/projects/telestorage/vendor/laravel/framework/src/Illuminate/Pipeline/Pipeline.php(183): Illuminate\Cookie\Middleware\AddQueuedCookiesToResponse->handle(Object(Illuminate\Http\Request), Object(Closure))
#46 /home/jamasb/projects/telestorage/vendor/laravel/framework/src/Illuminate/Cookie/Middleware/EncryptCookies.php(75): Illuminate\Pipeline\Pipeline->Illuminate\Pipeline\{closure}(Object(Illuminate\Http\Request))
#47 /home/jamasb/projects/telestorage/vendor/laravel/framework/src/Illuminate/Pipeline/Pipeline.php(183): Illuminate\Cookie\Middleware\EncryptCookies->handle(Object(Illuminate\Http\Request), Object(Closure))
#48 /home/jamasb/projects/telestorage/vendor/laravel/framework/src/Illuminate/Pipeline/Pipeline.php(119): Illuminate\Pipeline\Pipeline->Illuminate\Pipeline\{closure}(Object(Illuminate\Http\Request))
#49 /home/jamasb/projects/telestorage/vendor/laravel/framework/src/Illuminate/Routing/Router.php(807): Illuminate\Pipeline\Pipeline->then(Object(Closure))
#50 /home/jamasb/projects/telestorage/vendor/laravel/framework/src/Illuminate/Routing/Router.php(786): Illuminate\Routing\Router->runRouteWithinStack(Object(Illuminate\Routing\Route), Object(Illuminate\Http\Request))
#51 /home/jamasb/projects/telestorage/vendor/laravel/framework/src/Illuminate/Routing/Router.php(750): Illuminate\Routing\Router->runRoute(Object(Illuminate\Http\Request), Object(Illuminate\Routing\Route))
#52 /home/jamasb/projects/telestorage/vendor/laravel/framework/src/Illuminate/Routing/Router.php(739): Illuminate\Routing\Router->dispatchToRoute(Object(Illuminate\Http\Request))
#53 /home/jamasb/projects/telestorage/vendor/laravel/framework/src/Illuminate/Foundation/Http/Kernel.php(201): Illuminate\Routing\Router->dispatch(Object(Illuminate\Http\Request))
#54 /home/jamasb/projects/telestorage/vendor/laravel/framework/src/Illuminate/Pipeline/Pipeline.php(144): Illuminate\Foundation\Http\Kernel->Illuminate\Foundation\Http\{closure}(Object(Illuminate\Http\Request))
#55 /home/jamasb/projects/telestorage/vendor/laravel/framework/src/Illuminate/Foundation/Http/Middleware/TransformsRequest.php(21): Illuminate\Pipeline\Pipeline->Illuminate\Pipeline\{closure}(Object(Illuminate\Http\Request))
#56 /home/jamasb/projects/telestorage/vendor/laravel/framework/src/Illuminate/Foundation/Http/Middleware/ConvertEmptyStringsToNull.php(31): Illuminate\Foundation\Http\Middleware\TransformsRequest->handle(Object(Illuminate\Http\Request), Object(Closure))
#57 /home/jamasb/projects/telestorage/vendor/laravel/framework/src/Illuminate/Pipeline/Pipeline.php(183): Illuminate\Foundation\Http\Middleware\ConvertEmptyStringsToNull->handle(Object(Illuminate\Http\Request), Object(Closure))
#58 /home/jamasb/projects/telestorage/vendor/laravel/framework/src/Illuminate/Foundation/Http/Middleware/TransformsRequest.php(21): Illuminate\Pipeline\Pipeline->Illuminate\Pipeline\{closure}(Object(Illuminate\Http\Request))
#59 /home/jamasb/projects/telestorage/vendor/laravel/framework/src/Illuminate/Foundation/Http/Middleware/TrimStrings.php(51): Illuminate\Foundation\Http\Middleware\TransformsRequest->handle(Object(Illuminate\Http\Request), Object(Closure))
#60 /home/jamasb/projects/telestorage/vendor/laravel/framework/src/Illuminate/Pipeline/Pipeline.php(183): Illuminate\Foundation\Http\Middleware\TrimStrings->handle(Object(Illuminate\Http\Request), Object(Closure))
#61 /home/jamasb/projects/telestorage/vendor/laravel/framework/src/Illuminate/Http/Middleware/ValidatePostSize.php(27): Illuminate\Pipeline\Pipeline->Illuminate\Pipeline\{closure}(Object(Illuminate\Http\Request))
#62 /home/jamasb/projects/telestorage/vendor/laravel/framework/src/Illuminate/Pipeline/Pipeline.php(183): Illuminate\Http\Middleware\ValidatePostSize->handle(Object(Illuminate\Http\Request), Object(Closure))
#63 /home/jamasb/projects/telestorage/vendor/laravel/framework/src/Illuminate/Foundation/Http/Middleware/PreventRequestsDuringMaintenance.php(110): Illuminate\Pipeline\Pipeline->Illuminate\Pipeline\{closure}(Object(Illuminate\Http\Request))
#64 /home/jamasb/projects/telestorage/vendor/laravel/framework/src/Illuminate/Pipeline/Pipeline.php(183): Illuminate\Foundation\Http\Middleware\PreventRequestsDuringMaintenance->handle(Object(Illuminate\Http\Request), Object(Closure))
#65 /home/jamasb/projects/telestorage/vendor/laravel/framework/src/Illuminate/Http/Middleware/HandleCors.php(49): Illuminate\Pipeline\Pipeline->Illuminate\Pipeline\{closure}(Object(Illuminate\Http\Request))
#66 /home/jamasb/projects/telestorage/vendor/laravel/framework/src/Illuminate/Pipeline/Pipeline.php(183): Illuminate\Http\Middleware\HandleCors->handle(Object(Illuminate\Http\Request), Object(Closure))
#67 /home/jamasb/projects/telestorage/vendor/laravel/framework/src/Illuminate/Http/Middleware/TrustProxies.php(58): Illuminate\Pipeline\Pipeline->Illuminate\Pipeline\{closure}(Object(Illuminate\Http\Request))
#68 /home/jamasb/projects/telestorage/vendor/laravel/framework/src/Illuminate/Pipeline/Pipeline.php(183): Illuminate\Http\Middleware\TrustProxies->handle(Object(Illuminate\Http\Request), Object(Closure))
#69 /home/jamasb/projects/telestorage/vendor/laravel/framework/src/Illuminate/Foundation/Http/Middleware/InvokeDeferredCallbacks.php(22): Illuminate\Pipeline\Pipeline->Illuminate\Pipeline\{closure}(Object(Illuminate\Http\Request))
#70 /home/jamasb/projects/telestorage/vendor/laravel/framework/src/Illuminate/Pipeline/Pipeline.php(183): Illuminate\Foundation\Http\Middleware\InvokeDeferredCallbacks->handle(Object(Illuminate\Http\Request), Object(Closure))
#71 /home/jamasb/projects/telestorage/vendor/laravel/framework/src/Illuminate/Pipeline/Pipeline.php(119): Illuminate\Pipeline\Pipeline->Illuminate\Pipeline\{closure}(Object(Illuminate\Http\Request))
#72 /home/jamasb/projects/telestorage/vendor/laravel/framework/src/Illuminate/Foundation/Http/Kernel.php(176): Illuminate\Pipeline\Pipeline->then(Object(Closure))
#73 /home/jamasb/projects/telestorage/vendor/laravel/framework/src/Illuminate/Foundation/Http/Kernel.php(145): Illuminate\Foundation\Http\Kernel->sendRequestThroughRouter(Object(Illuminate\Http\Request))
#74 /home/jamasb/projects/telestorage/vendor/laravel/octane/src/ApplicationGateway.php(36): Illuminate\Foundation\Http\Kernel->handle(Object(Illuminate\Http\Request))
#75 /home/jamasb/projects/telestorage/vendor/laravel/octane/src/Worker.php(84): Laravel\Octane\ApplicationGateway->handle(Object(Illuminate\Http\Request))
#76 /home/jamasb/projects/telestorage/vendor/laravel/octane/bin/frankenphp-worker.php(53): Laravel\Octane\Worker->handle(Object(Illuminate\Http\Request), Object(Laravel\Octane\RequestContext))
#77 [internal function]: {closure}()
#78 /home/jamasb/projects/telestorage/vendor/laravel/octane/bin/frankenphp-worker.php(74): frankenphp_handle_request(Object(Closure))
#79 /home/jamasb/projects/telestorage/public/frankenphp-worker.php(3): require('/home/jamasb/pr...')
#80 {main} while connecting to DC 2.0 via tcp://venus.web.telegram.org:5222/apiw1 main DC 2, via ipv4 using HttpsStream => BufferedRawStream => DefaultStream, trying next...
Connection:     	Connecting to DC 2.0 via tcp://venus.web.telegram.org:443/apiw1 main DC 2, via ipv6 using HttpsStream => BufferedRawStream => DefaultStream
Connection:     	Amp\Socket\ConnectException: Connection to tcp://venus.web.telegram.org:443/apiw1 @ tcp://10.10.34.36:443 refused in /home/jamasb/projects/telestorage/vendor/amphp/socket/src/DnsSocketConnector.php:108
Stack trace:
#0 /home/jamasb/projects/telestorage/vendor/danog/madelineproto/src/Stream/Transport/DefaultStream.php(75): Amp\Socket\DnsSocketConnector->connect('tcp://venus.web...', Object(Amp\Socket\ConnectContext), Object(Amp\NullCancellation))
#1 /home/jamasb/projects/telestorage/vendor/danog/madelineproto/src/Stream/ConnectionContext.php(300): danog\MadelineProto\Stream\Transport\DefaultStream->connect(Object(danog\MadelineProto\Stream\ConnectionContext), '')
#2 /home/jamasb/projects/telestorage/vendor/danog/madelineproto/src/Stream/Common/BufferedRawStream.php(52): danog\MadelineProto\Stream\ConnectionContext->getStream('')
#3 /home/jamasb/projects/telestorage/vendor/danog/madelineproto/src/Stream/ConnectionContext.php(300): danog\MadelineProto\Stream\Common\BufferedRawStream->connect(Object(danog\MadelineProto\Stream\ConnectionContext), '')
#4 /home/jamasb/projects/telestorage/vendor/danog/madelineproto/src/Stream/MTProtoTransport/HttpStream.php(65): danog\MadelineProto\Stream\ConnectionContext->getStream('')
#5 /home/jamasb/projects/telestorage/vendor/danog/madelineproto/src/Stream/MTProtoTransport/HttpsStream.php(41): danog\MadelineProto\Stream\MTProtoTransport\HttpStream->connect(Object(danog\MadelineProto\Stream\ConnectionContext), '')
#6 /home/jamasb/projects/telestorage/vendor/danog/madelineproto/src/Stream/ConnectionContext.php(300): danog\MadelineProto\Stream\MTProtoTransport\HttpsStream->connect(Object(danog\MadelineProto\Stream\ConnectionContext), '')
#7 /home/jamasb/projects/telestorage/vendor/danog/madelineproto/src/Connection.php(286): danog\MadelineProto\Stream\ConnectionContext->getStream()
#8 /home/jamasb/projects/telestorage/vendor/danog/madelineproto/src/Connection.php(592): danog\MadelineProto\Connection->connect()
#9 /home/jamasb/projects/telestorage/vendor/danog/madelineproto/src/MTProtoSession/CallHandler.php(189): danog\MadelineProto\Connection->sendMessage(Object(danog\MadelineProto\MTProto\MTProtoOutgoingMessage))
#10 /home/jamasb/projects/telestorage/vendor/danog/madelineproto/src/MTProtoSession/CallHandler.php(91): danog\MadelineProto\Connection->methodCallAsyncWrite('help.getConfig', Array)
#11 /home/jamasb/projects/telestorage/vendor/danog/madelineproto/src/MTProtoTools/CallHandler.php(45): danog\MadelineProto\Connection->methodCallAsyncRead('help.getConfig', Array)
#12 /home/jamasb/projects/telestorage/vendor/danog/madelineproto/src/MTProto.php(1558): danog\MadelineProto\MTProto->methodCallAsyncRead('help.getConfig', Array)
#13 /home/jamasb/projects/telestorage/vendor/danog/madelineproto/src/MTProto.php(682): danog\MadelineProto\MTProto->getConfig()
#14 /home/jamasb/projects/telestorage/vendor/danog/madelineproto/src/MTProto.php(520): danog\MadelineProto\MTProto->initialize(Object(danog\MadelineProto\Settings))
#15 /home/jamasb/projects/telestorage/vendor/danog/madelineproto/src/API.php(219): danog\MadelineProto\MTProto->__construct(Object(danog\MadelineProto\Settings), Object(danog\MadelineProto\APIWrapper))
#16 /home/jamasb/projects/telestorage/app/Services/Telegram/TelegramSessionService.php(26): danog\MadelineProto\API->__construct('session.madelin...', Object(danog\MadelineProto\Settings))
#17 [internal function]: App\Services\Telegram\API\TelegramSessionService->__construct('session.madelin...')
#18 /home/jamasb/projects/telestorage/vendor/laravel/framework/src/Illuminate/Container/Container.php(983): ReflectionClass->newInstanceArgs(Array)
#19 /home/jamasb/projects/telestorage/vendor/laravel/framework/src/Illuminate/Container/Container.php(815): Illuminate\Container\Container->build('App\\Services\\Te...')
#20 /home/jamasb/projects/telestorage/vendor/laravel/framework/src/Illuminate/Foundation/Application.php(1048): Illuminate\Container\Container->resolve('App\\Services\\Te...', Array, true)
#21 /home/jamasb/projects/telestorage/vendor/laravel/framework/src/Illuminate/Container/Container.php(751): Illuminate\Foundation\Application->resolve('App\\Services\\Te...', Array)
#22 /home/jamasb/projects/telestorage/vendor/laravel/framework/src/Illuminate/Foundation/Application.php(1030): Illuminate\Container\Container->make('App\\Services\\Te...', Array)
#23 /home/jamasb/projects/telestorage/vendor/laravel/framework/src/Illuminate/Container/Container.php(1112): Illuminate\Foundation\Application->make('App\\Services\\Te...')
#24 /home/jamasb/projects/telestorage/vendor/laravel/framework/src/Illuminate/Container/Container.php(1022): Illuminate\Container\Container->resolveClass(Object(ReflectionParameter))
#25 /home/jamasb/projects/telestorage/vendor/laravel/framework/src/Illuminate/Container/Container.php(973): Illuminate\Container\Container->resolveDependencies(Array)
#26 /home/jamasb/projects/telestorage/vendor/laravel/framework/src/Illuminate/Container/Container.php(815): Illuminate\Container\Container->build('App\\Http\\Contro...')
#27 /home/jamasb/projects/telestorage/vendor/laravel/framework/src/Illuminate/Foundation/Application.php(1048): Illuminate\Container\Container->resolve('App\\Http\\Contro...', Array, true)
#28 /home/jamasb/projects/telestorage/vendor/laravel/framework/src/Illuminate/Container/Container.php(751): Illuminate\Foundation\Application->resolve('App\\Http\\Contro...', Array)
#29 /home/jamasb/projects/telestorage/vendor/laravel/framework/src/Illuminate/Foundation/Application.php(1030): Illuminate\Container\Container->make('App\\Http\\Contro...', Array)
#30 /home/jamasb/projects/telestorage/vendor/laravel/framework/src/Illuminate/Routing/Route.php(283): Illuminate\Foundation\Application->make('App\\Http\\Contro...')
#31 /home/jamasb/projects/telestorage/vendor/laravel/framework/src/Illuminate/Routing/Route.php(265): Illuminate\Routing\Route->getController()
#32 /home/jamasb/projects/telestorage/vendor/laravel/framework/src/Illuminate/Routing/Route.php(210): Illuminate\Routing\Route->runController()
#33 /home/jamasb/projects/telestorage/vendor/laravel/framework/src/Illuminate/Routing/Router.php(808): Illuminate\Routing\Route->run()
#34 /home/jamasb/projects/telestorage/vendor/laravel/framework/src/Illuminate/Pipeline/Pipeline.php(144): Illuminate\Routing\Router->Illuminate\Routing\{closure}(Object(Illuminate\Http\Request))
#35 /home/jamasb/projects/telestorage/vendor/laravel/framework/src/Illuminate/Routing/Middleware/SubstituteBindings.php(51): Illuminate\Pipeline\Pipeline->Illuminate\Pipeline\{closure}(Object(Illuminate\Http\Request))
#36 /home/jamasb/projects/telestorage/vendor/laravel/framework/src/Illuminate/Pipeline/Pipeline.php(183): Illuminate\Routing\Middleware\SubstituteBindings->handle(Object(Illuminate\Http\Request), Object(Closure))
#37 /home/jamasb/projects/telestorage/vendor/laravel/framework/src/Illuminate/Foundation/Http/Middleware/VerifyCsrfToken.php(88): Illuminate\Pipeline\Pipeline->Illuminate\Pipeline\{closure}(Object(Illuminate\Http\Request))
#38 /home/jamasb/projects/telestorage/vendor/laravel/framework/src/Illuminate/Pipeline/Pipeline.php(183): Illuminate\Foundation\Http\Middleware\VerifyCsrfToken->handle(Object(Illuminate\Http\Request), Object(Closure))
#39 /home/jamasb/projects/telestorage/vendor/laravel/framework/src/Illuminate/View/Middleware/ShareErrorsFromSession.php(49): Illuminate\Pipeline\Pipeline->Illuminate\Pipeline\{closure}(Object(Illuminate\Http\Request))
#40 /home/jamasb/projects/telestorage/vendor/laravel/framework/src/Illuminate/Pipeline/Pipeline.php(183): Illuminate\View\Middleware\ShareErrorsFromSession->handle(Object(Illuminate\Http\Request), Object(Closure))
#41 /home/jamasb/projects/telestorage/vendor/laravel/framework/src/Illuminate/Session/Middleware/StartSession.php(121): Illuminate\Pipeline\Pipeline->Illuminate\Pipeline\{closure}(Object(Illuminate\Http\Request))
#42 /home/jamasb/projects/telestorage/vendor/laravel/framework/src/Illuminate/Session/Middleware/StartSession.php(64): Illuminate\Session\Middleware\StartSession->handleStatefulRequest(Object(Illuminate\Http\Request), Object(Illuminate\Session\Store), Object(Closure))
#43 /home/jamasb/projects/telestorage/vendor/laravel/framework/src/Illuminate/Pipeline/Pipeline.php(183): Illuminate\Session\Middleware\StartSession->handle(Object(Illuminate\Http\Request), Object(Closure))
#44 /home/jamasb/projects/telestorage/vendor/laravel/framework/src/Illuminate/Cookie/Middleware/AddQueuedCookiesToResponse.php(37): Illuminate\Pipeline\Pipeline->Illuminate\Pipeline\{closure}(Object(Illuminate\Http\Request))
#45 /home/jamasb/projects/telestorage/vendor/laravel/framework/src/Illuminate/Pipeline/Pipeline.php(183): Illuminate\Cookie\Middleware\AddQueuedCookiesToResponse->handle(Object(Illuminate\Http\Request), Object(Closure))
#46 /home/jamasb/projects/telestorage/vendor/laravel/framework/src/Illuminate/Cookie/Middleware/EncryptCookies.php(75): Illuminate\Pipeline\Pipeline->Illuminate\Pipeline\{closure}(Object(Illuminate\Http\Request))
#47 /home/jamasb/projects/telestorage/vendor/laravel/framework/src/Illuminate/Pipeline/Pipeline.php(183): Illuminate\Cookie\Middleware\EncryptCookies->handle(Object(Illuminate\Http\Request), Object(Closure))
#48 /home/jamasb/projects/telestorage/vendor/laravel/framework/src/Illuminate/Pipeline/Pipeline.php(119): Illuminate\Pipeline\Pipeline->Illuminate\Pipeline\{closure}(Object(Illuminate\Http\Request))
#49 /home/jamasb/projects/telestorage/vendor/laravel/framework/src/Illuminate/Routing/Router.php(807): Illuminate\Pipeline\Pipeline->then(Object(Closure))
#50 /home/jamasb/projects/telestorage/vendor/laravel/framework/src/Illuminate/Routing/Router.php(786): Illuminate\Routing\Router->runRouteWithinStack(Object(Illuminate\Routing\Route), Object(Illuminate\Http\Request))
#51 /home/jamasb/projects/telestorage/vendor/laravel/framework/src/Illuminate/Routing/Router.php(750): Illuminate\Routing\Router->runRoute(Object(Illuminate\Http\Request), Object(Illuminate\Routing\Route))
#52 /home/jamasb/projects/telestorage/vendor/laravel/framework/src/Illuminate/Routing/Router.php(739): Illuminate\Routing\Router->dispatchToRoute(Object(Illuminate\Http\Request))
#53 /home/jamasb/projects/telestorage/vendor/laravel/framework/src/Illuminate/Foundation/Http/Kernel.php(201): Illuminate\Routing\Router->dispatch(Object(Illuminate\Http\Request))
#54 /home/jamasb/projects/telestorage/vendor/laravel/framework/src/Illuminate/Pipeline/Pipeline.php(144): Illuminate\Foundation\Http\Kernel->Illuminate\Foundation\Http\{closure}(Object(Illuminate\Http\Request))
#55 /home/jamasb/projects/telestorage/vendor/laravel/framework/src/Illuminate/Foundation/Http/Middleware/TransformsRequest.php(21): Illuminate\Pipeline\Pipeline->Illuminate\Pipeline\{closure}(Object(Illuminate\Http\Request))
#56 /home/jamasb/projects/telestorage/vendor/laravel/framework/src/Illuminate/Foundation/Http/Middleware/ConvertEmptyStringsToNull.php(31): Illuminate\Foundation\Http\Middleware\TransformsRequest->handle(Object(Illuminate\Http\Request), Object(Closure))
#57 /home/jamasb/projects/telestorage/vendor/laravel/framework/src/Illuminate/Pipeline/Pipeline.php(183): Illuminate\Foundation\Http\Middleware\ConvertEmptyStringsToNull->handle(Object(Illuminate\Http\Request), Object(Closure))
#58 /home/jamasb/projects/telestorage/vendor/laravel/framework/src/Illuminate/Foundation/Http/Middleware/TransformsRequest.php(21): Illuminate\Pipeline\Pipeline->Illuminate\Pipeline\{closure}(Object(Illuminate\Http\Request))
#59 /home/jamasb/projects/telestorage/vendor/laravel/framework/src/Illuminate/Foundation/Http/Middleware/TrimStrings.php(51): Illuminate\Foundation\Http\Middleware\TransformsRequest->handle(Object(Illuminate\Http\Request), Object(Closure))
#60 /home/jamasb/projects/telestorage/vendor/laravel/framework/src/Illuminate/Pipeline/Pipeline.php(183): Illuminate\Foundation\Http\Middleware\TrimStrings->handle(Object(Illuminate\Http\Request), Object(Closure))
#61 /home/jamasb/projects/telestorage/vendor/laravel/framework/src/Illuminate/Http/Middleware/ValidatePostSize.php(27): Illuminate\Pipeline\Pipeline->Illuminate\Pipeline\{closure}(Object(Illuminate\Http\Request))
#62 /home/jamasb/projects/telestorage/vendor/laravel/framework/src/Illuminate/Pipeline/Pipeline.php(183): Illuminate\Http\Middleware\ValidatePostSize->handle(Object(Illuminate\Http\Request), Object(Closure))
#63 /home/jamasb/projects/telestorage/vendor/laravel/framework/src/Illuminate/Foundation/Http/Middleware/PreventRequestsDuringMaintenance.php(110): Illuminate\Pipeline\Pipeline->Illuminate\Pipeline\{closure}(Object(Illuminate\Http\Request))
#64 /home/jamasb/projects/telestorage/vendor/laravel/framework/src/Illuminate/Pipeline/Pipeline.php(183): Illuminate\Foundation\Http\Middleware\PreventRequestsDuringMaintenance->handle(Object(Illuminate\Http\Request), Object(Closure))
#65 /home/jamasb/projects/telestorage/vendor/laravel/framework/src/Illuminate/Http/Middleware/HandleCors.php(49): Illuminate\Pipeline\Pipeline->Illuminate\Pipeline\{closure}(Object(Illuminate\Http\Request))
#66 /home/jamasb/projects/telestorage/vendor/laravel/framework/src/Illuminate/Pipeline/Pipeline.php(183): Illuminate\Http\Middleware\HandleCors->handle(Object(Illuminate\Http\Request), Object(Closure))
#67 /home/jamasb/projects/telestorage/vendor/laravel/framework/src/Illuminate/Http/Middleware/TrustProxies.php(58): Illuminate\Pipeline\Pipeline->Illuminate\Pipeline\{closure}(Object(Illuminate\Http\Request))
#68 /home/jamasb/projects/telestorage/vendor/laravel/framework/src/Illuminate/Pipeline/Pipeline.php(183): Illuminate\Http\Middleware\TrustProxies->handle(Object(Illuminate\Http\Request), Object(Closure))
#69 /home/jamasb/projects/telestorage/vendor/laravel/framework/src/Illuminate/Foundation/Http/Middleware/InvokeDeferredCallbacks.php(22): Illuminate\Pipeline\Pipeline->Illuminate\Pipeline\{closure}(Object(Illuminate\Http\Request))
#70 /home/jamasb/projects/telestorage/vendor/laravel/framework/src/Illuminate/Pipeline/Pipeline.php(183): Illuminate\Foundation\Http\Middleware\InvokeDeferredCallbacks->handle(Object(Illuminate\Http\Request), Object(Closure))
#71 /home/jamasb/projects/telestorage/vendor/laravel/framework/src/Illuminate/Pipeline/Pipeline.php(119): Illuminate\Pipeline\Pipeline->Illuminate\Pipeline\{closure}(Object(Illuminate\Http\Request))
#72 /home/jamasb/projects/telestorage/vendor/laravel/framework/src/Illuminate/Foundation/Http/Kernel.php(176): Illuminate\Pipeline\Pipeline->then(Object(Closure))
#73 /home/jamasb/projects/telestorage/vendor/laravel/framework/src/Illuminate/Foundation/Http/Kernel.php(145): Illuminate\Foundation\Http\Kernel->sendRequestThroughRouter(Object(Illuminate\Http\Request))
#74 /home/jamasb/projects/telestorage/vendor/laravel/octane/src/ApplicationGateway.php(36): Illuminate\Foundation\Http\Kernel->handle(Object(Illuminate\Http\Request))
#75 /home/jamasb/projects/telestorage/vendor/laravel/octane/src/Worker.php(84): Laravel\Octane\ApplicationGateway->handle(Object(Illuminate\Http\Request))
#76 /home/jamasb/projects/telestorage/vendor/laravel/octane/bin/frankenphp-worker.php(53): Laravel\Octane\Worker->handle(Object(Illuminate\Http\Request), Object(Laravel\Octane\RequestContext))
#77 [internal function]: {closure}()
#78 /home/jamasb/projects/telestorage/vendor/laravel/octane/bin/frankenphp-worker.php(74): frankenphp_handle_request(Object(Closure))
#79 /home/jamasb/projects/telestorage/public/frankenphp-worker.php(3): require('/home/jamasb/pr...')
#80 {main} while connecting to DC 2.0 via tcp://venus.web.telegram.org:443/apiw1 main DC 2, via ipv6 using HttpsStream => BufferedRawStream => DefaultStream, trying next...
Connection:     	Connecting to DC 2.0 via tcp://venus.web.telegram.org:80/apiw1 main DC 2, via ipv6 using HttpsStream => BufferedRawStream => DefaultStream
Connection:     	Amp\Socket\ConnectException: Connection to tcp://venus.web.telegram.org:80/apiw1 @ tcp://10.10.34.36:80 refused in /home/jamasb/projects/telestorage/vendor/amphp/socket/src/DnsSocketConnector.php:108
Stack trace:
#0 /home/jamasb/projects/telestorage/vendor/danog/madelineproto/src/Stream/Transport/DefaultStream.php(75): Amp\Socket\DnsSocketConnector->connect('tcp://venus.web...', Object(Amp\Socket\ConnectContext), Object(Amp\NullCancellation))
#1 /home/jamasb/projects/telestorage/vendor/danog/madelineproto/src/Stream/ConnectionContext.php(300): danog\MadelineProto\Stream\Transport\DefaultStream->connect(Object(danog\MadelineProto\Stream\ConnectionContext), '')
#2 /home/jamasb/projects/telestorage/vendor/danog/madelineproto/src/Stream/Common/BufferedRawStream.php(52): danog\MadelineProto\Stream\ConnectionContext->getStream('')
#3 /home/jamasb/projects/telestorage/vendor/danog/madelineproto/src/Stream/ConnectionContext.php(300): danog\MadelineProto\Stream\Common\BufferedRawStream->connect(Object(danog\MadelineProto\Stream\ConnectionContext), '')
#4 /home/jamasb/projects/telestorage/vendor/danog/madelineproto/src/Stream/MTProtoTransport/HttpStream.php(65): danog\MadelineProto\Stream\ConnectionContext->getStream('')
#5 /home/jamasb/projects/telestorage/vendor/danog/madelineproto/src/Stream/MTProtoTransport/HttpsStream.php(41): danog\MadelineProto\Stream\MTProtoTransport\HttpStream->connect(Object(danog\MadelineProto\Stream\ConnectionContext), '')
#6 /home/jamasb/projects/telestorage/vendor/danog/madelineproto/src/Stream/ConnectionContext.php(300): danog\MadelineProto\Stream\MTProtoTransport\HttpsStream->connect(Object(danog\MadelineProto\Stream\ConnectionContext), '')
#7 /home/jamasb/projects/telestorage/vendor/danog/madelineproto/src/Connection.php(286): danog\MadelineProto\Stream\ConnectionContext->getStream()
#8 /home/jamasb/projects/telestorage/vendor/danog/madelineproto/src/Connection.php(592): danog\MadelineProto\Connection->connect()
#9 /home/jamasb/projects/telestorage/vendor/danog/madelineproto/src/MTProtoSession/CallHandler.php(189): danog\MadelineProto\Connection->sendMessage(Object(danog\MadelineProto\MTProto\MTProtoOutgoingMessage))
#10 /home/jamasb/projects/telestorage/vendor/danog/madelineproto/src/MTProtoSession/CallHandler.php(91): danog\MadelineProto\Connection->methodCallAsyncWrite('help.getConfig', Array)
#11 /home/jamasb/projects/telestorage/vendor/danog/madelineproto/src/MTProtoTools/CallHandler.php(45): danog\MadelineProto\Connection->methodCallAsyncRead('help.getConfig', Array)
#12 /home/jamasb/projects/telestorage/vendor/danog/madelineproto/src/MTProto.php(1558): danog\MadelineProto\MTProto->methodCallAsyncRead('help.getConfig', Array)
#13 /home/jamasb/projects/telestorage/vendor/danog/madelineproto/src/MTProto.php(682): danog\MadelineProto\MTProto->getConfig()
#14 /home/jamasb/projects/telestorage/vendor/danog/madelineproto/src/MTProto.php(520): danog\MadelineProto\MTProto->initialize(Object(danog\MadelineProto\Settings))
#15 /home/jamasb/projects/telestorage/vendor/danog/madelineproto/src/API.php(219): danog\MadelineProto\MTProto->__construct(Object(danog\MadelineProto\Settings), Object(danog\MadelineProto\APIWrapper))
#16 /home/jamasb/projects/telestorage/app/Services/Telegram/TelegramSessionService.php(26): danog\MadelineProto\API->__construct('session.madelin...', Object(danog\MadelineProto\Settings))
#17 [internal function]: App\Services\Telegram\API\TelegramSessionService->__construct('session.madelin...')
#18 /home/jamasb/projects/telestorage/vendor/laravel/framework/src/Illuminate/Container/Container.php(983): ReflectionClass->newInstanceArgs(Array)
#19 /home/jamasb/projects/telestorage/vendor/laravel/framework/src/Illuminate/Container/Container.php(815): Illuminate\Container\Container->build('App\\Services\\Te...')
#20 /home/jamasb/projects/telestorage/vendor/laravel/framework/src/Illuminate/Foundation/Application.php(1048): Illuminate\Container\Container->resolve('App\\Services\\Te...', Array, true)
#21 /home/jamasb/projects/telestorage/vendor/laravel/framework/src/Illuminate/Container/Container.php(751): Illuminate\Foundation\Application->resolve('App\\Services\\Te...', Array)
#22 /home/jamasb/projects/telestorage/vendor/laravel/framework/src/Illuminate/Foundation/Application.php(1030): Illuminate\Container\Container->make('App\\Services\\Te...', Array)
#23 /home/jamasb/projects/telestorage/vendor/laravel/framework/src/Illuminate/Container/Container.php(1112): Illuminate\Foundation\Application->make('App\\Services\\Te...')
#24 /home/jamasb/projects/telestorage/vendor/laravel/framework/src/Illuminate/Container/Container.php(1022): Illuminate\Container\Container->resolveClass(Object(ReflectionParameter))
#25 /home/jamasb/projects/telestorage/vendor/laravel/framework/src/Illuminate/Container/Container.php(973): Illuminate\Container\Container->resolveDependencies(Array)
#26 /home/jamasb/projects/telestorage/vendor/laravel/framework/src/Illuminate/Container/Container.php(815): Illuminate\Container\Container->build('App\\Http\\Contro...')
#27 /home/jamasb/projects/telestorage/vendor/laravel/framework/src/Illuminate/Foundation/Application.php(1048): Illuminate\Container\Container->resolve('App\\Http\\Contro...', Array, true)
#28 /home/jamasb/projects/telestorage/vendor/laravel/framework/src/Illuminate/Container/Container.php(751): Illuminate\Foundation\Application->resolve('App\\Http\\Contro...', Array)
#29 /home/jamasb/projects/telestorage/vendor/laravel/framework/src/Illuminate/Foundation/Application.php(1030): Illuminate\Container\Container->make('App\\Http\\Contro...', Array)
#30 /home/jamasb/projects/telestorage/vendor/laravel/framework/src/Illuminate/Routing/Route.php(283): Illuminate\Foundation\Application->make('App\\Http\\Contro...')
#31 /home/jamasb/projects/telestorage/vendor/laravel/framework/src/Illuminate/Routing/Route.php(265): Illuminate\Routing\Route->getController()
#32 /home/jamasb/projects/telestorage/vendor/laravel/framework/src/Illuminate/Routing/Route.php(210): Illuminate\Routing\Route->runController()
#33 /home/jamasb/projects/telestorage/vendor/laravel/framework/src/Illuminate/Routing/Router.php(808): Illuminate\Routing\Route->run()
#34 /home/jamasb/projects/telestorage/vendor/laravel/framework/src/Illuminate/Pipeline/Pipeline.php(144): Illuminate\Routing\Router->Illuminate\Routing\{closure}(Object(Illuminate\Http\Request))
#35 /home/jamasb/projects/telestorage/vendor/laravel/framework/src/Illuminate/Routing/Middleware/SubstituteBindings.php(51): Illuminate\Pipeline\Pipeline->Illuminate\Pipeline\{closure}(Object(Illuminate\Http\Request))
#36 /home/jamasb/projects/telestorage/vendor/laravel/framework/src/Illuminate/Pipeline/Pipeline.php(183): Illuminate\Routing\Middleware\SubstituteBindings->handle(Object(Illuminate\Http\Request), Object(Closure))
#37 /home/jamasb/projects/telestorage/vendor/laravel/framework/src/Illuminate/Foundation/Http/Middleware/VerifyCsrfToken.php(88): Illuminate\Pipeline\Pipeline->Illuminate\Pipeline\{closure}(Object(Illuminate\Http\Request))
#38 /home/jamasb/projects/telestorage/vendor/laravel/framework/src/Illuminate/Pipeline/Pipeline.php(183): Illuminate\Foundation\Http\Middleware\VerifyCsrfToken->handle(Object(Illuminate\Http\Request), Object(Closure))
#39 /home/jamasb/projects/telestorage/vendor/laravel/framework/src/Illuminate/View/Middleware/ShareErrorsFromSession.php(49): Illuminate\Pipeline\Pipeline->Illuminate\Pipeline\{closure}(Object(Illuminate\Http\Request))
#40 /home/jamasb/projects/telestorage/vendor/laravel/framework/src/Illuminate/Pipeline/Pipeline.php(183): Illuminate\View\Middleware\ShareErrorsFromSession->handle(Object(Illuminate\Http\Request), Object(Closure))
#41 /home/jamasb/projects/telestorage/vendor/laravel/framework/src/Illuminate/Session/Middleware/StartSession.php(121): Illuminate\Pipeline\Pipeline->Illuminate\Pipeline\{closure}(Object(Illuminate\Http\Request))
#42 /home/jamasb/projects/telestorage/vendor/laravel/framework/src/Illuminate/Session/Middleware/StartSession.php(64): Illuminate\Session\Middleware\StartSession->handleStatefulRequest(Object(Illuminate\Http\Request), Object(Illuminate\Session\Store), Object(Closure))
#43 /home/jamasb/projects/telestorage/vendor/laravel/framework/src/Illuminate/Pipeline/Pipeline.php(183): Illuminate\Session\Middleware\StartSession->handle(Object(Illuminate\Http\Request), Object(Closure))
#44 /home/jamasb/projects/telestorage/vendor/laravel/framework/src/Illuminate/Cookie/Middleware/AddQueuedCookiesToResponse.php(37): Illuminate\Pipeline\Pipeline->Illuminate\Pipeline\{closure}(Object(Illuminate\Http\Request))
#45 /home/jamasb/projects/telestorage/vendor/laravel/framework/src/Illuminate/Pipeline/Pipeline.php(183): Illuminate\Cookie\Middleware\AddQueuedCookiesToResponse->handle(Object(Illuminate\Http\Request), Object(Closure))
#46 /home/jamasb/projects/telestorage/vendor/laravel/framework/src/Illuminate/Cookie/Middleware/EncryptCookies.php(75): Illuminate\Pipeline\Pipeline->Illuminate\Pipeline\{closure}(Object(Illuminate\Http\Request))
#47 /home/jamasb/projects/telestorage/vendor/laravel/framework/src/Illuminate/Pipeline/Pipeline.php(183): Illuminate\Cookie\Middleware\EncryptCookies->handle(Object(Illuminate\Http\Request), Object(Closure))
#48 /home/jamasb/projects/telestorage/vendor/laravel/framework/src/Illuminate/Pipeline/Pipeline.php(119): Illuminate\Pipeline\Pipeline->Illuminate\Pipeline\{closure}(Object(Illuminate\Http\Request))
#49 /home/jamasb/projects/telestorage/vendor/laravel/framework/src/Illuminate/Routing/Router.php(807): Illuminate\Pipeline\Pipeline->then(Object(Closure))
#50 /home/jamasb/projects/telestorage/vendor/laravel/framework/src/Illuminate/Routing/Router.php(786): Illuminate\Routing\Router->runRouteWithinStack(Object(Illuminate\Routing\Route), Object(Illuminate\Http\Request))
#51 /home/jamasb/projects/telestorage/vendor/laravel/framework/src/Illuminate/Routing/Router.php(750): Illuminate\Routing\Router->runRoute(Object(Illuminate\Http\Request), Object(Illuminate\Routing\Route))
#52 /home/jamasb/projects/telestorage/vendor/laravel/framework/src/Illuminate/Routing/Router.php(739): Illuminate\Routing\Router->dispatchToRoute(Object(Illuminate\Http\Request))
#53 /home/jamasb/projects/telestorage/vendor/laravel/framework/src/Illuminate/Foundation/Http/Kernel.php(201): Illuminate\Routing\Router->dispatch(Object(Illuminate\Http\Request))
#54 /home/jamasb/projects/telestorage/vendor/laravel/framework/src/Illuminate/Pipeline/Pipeline.php(144): Illuminate\Foundation\Http\Kernel->Illuminate\Foundation\Http\{closure}(Object(Illuminate\Http\Request))
#55 /home/jamasb/projects/telestorage/vendor/laravel/framework/src/Illuminate/Foundation/Http/Middleware/TransformsRequest.php(21): Illuminate\Pipeline\Pipeline->Illuminate\Pipeline\{closure}(Object(Illuminate\Http\Request))
#56 /home/jamasb/projects/telestorage/vendor/laravel/framework/src/Illuminate/Foundation/Http/Middleware/ConvertEmptyStringsToNull.php(31): Illuminate\Foundation\Http\Middleware\TransformsRequest->handle(Object(Illuminate\Http\Request), Object(Closure))
#57 /home/jamasb/projects/telestorage/vendor/laravel/framework/src/Illuminate/Pipeline/Pipeline.php(183): Illuminate\Foundation\Http\Middleware\ConvertEmptyStringsToNull->handle(Object(Illuminate\Http\Request), Object(Closure))
#58 /home/jamasb/projects/telestorage/vendor/laravel/framework/src/Illuminate/Foundation/Http/Middleware/TransformsRequest.php(21): Illuminate\Pipeline\Pipeline->Illuminate\Pipeline\{closure}(Object(Illuminate\Http\Request))
#59 /home/jamasb/projects/telestorage/vendor/laravel/framework/src/Illuminate/Foundation/Http/Middleware/TrimStrings.php(51): Illuminate\Foundation\Http\Middleware\TransformsRequest->handle(Object(Illuminate\Http\Request), Object(Closure))
#60 /home/jamasb/projects/telestorage/vendor/laravel/framework/src/Illuminate/Pipeline/Pipeline.php(183): Illuminate\Foundation\Http\Middleware\TrimStrings->handle(Object(Illuminate\Http\Request), Object(Closure))
#61 /home/jamasb/projects/telestorage/vendor/laravel/framework/src/Illuminate/Http/Middleware/ValidatePostSize.php(27): Illuminate\Pipeline\Pipeline->Illuminate\Pipeline\{closure}(Object(Illuminate\Http\Request))
#62 /home/jamasb/projects/telestorage/vendor/laravel/framework/src/Illuminate/Pipeline/Pipeline.php(183): Illuminate\Http\Middleware\ValidatePostSize->handle(Object(Illuminate\Http\Request), Object(Closure))
#63 /home/jamasb/projects/telestorage/vendor/laravel/framework/src/Illuminate/Foundation/Http/Middleware/PreventRequestsDuringMaintenance.php(110): Illuminate\Pipeline\Pipeline->Illuminate\Pipeline\{closure}(Object(Illuminate\Http\Request))
#64 /home/jamasb/projects/telestorage/vendor/laravel/framework/src/Illuminate/Pipeline/Pipeline.php(183): Illuminate\Foundation\Http\Middleware\PreventRequestsDuringMaintenance->handle(Object(Illuminate\Http\Request), Object(Closure))
#65 /home/jamasb/projects/telestorage/vendor/laravel/framework/src/Illuminate/Http/Middleware/HandleCors.php(49): Illuminate\Pipeline\Pipeline->Illuminate\Pipeline\{closure}(Object(Illuminate\Http\Request))
#66 /home/jamasb/projects/telestorage/vendor/laravel/framework/src/Illuminate/Pipeline/Pipeline.php(183): Illuminate\Http\Middleware\HandleCors->handle(Object(Illuminate\Http\Request), Object(Closure))
#67 /home/jamasb/projects/telestorage/vendor/laravel/framework/src/Illuminate/Http/Middleware/TrustProxies.php(58): Illuminate\Pipeline\Pipeline->Illuminate\Pipeline\{closure}(Object(Illuminate\Http\Request))
#68 /home/jamasb/projects/telestorage/vendor/laravel/framework/src/Illuminate/Pipeline/Pipeline.php(183): Illuminate\Http\Middleware\TrustProxies->handle(Object(Illuminate\Http\Request), Object(Closure))
#69 /home/jamasb/projects/telestorage/vendor/laravel/framework/src/Illuminate/Foundation/Http/Middleware/InvokeDeferredCallbacks.php(22): Illuminate\Pipeline\Pipeline->Illuminate\Pipeline\{closure}(Object(Illuminate\Http\Request))
#70 /home/jamasb/projects/telestorage/vendor/laravel/framework/src/Illuminate/Pipeline/Pipeline.php(183): Illuminate\Foundation\Http\Middleware\InvokeDeferredCallbacks->handle(Object(Illuminate\Http\Request), Object(Closure))
#71 /home/jamasb/projects/telestorage/vendor/laravel/framework/src/Illuminate/Pipeline/Pipeline.php(119): Illuminate\Pipeline\Pipeline->Illuminate\Pipeline\{closure}(Object(Illuminate\Http\Request))
#72 /home/jamasb/projects/telestorage/vendor/laravel/framework/src/Illuminate/Foundation/Http/Kernel.php(176): Illuminate\Pipeline\Pipeline->then(Object(Closure))
#73 /home/jamasb/projects/telestorage/vendor/laravel/framework/src/Illuminate/Foundation/Http/Kernel.php(145): Illuminate\Foundation\Http\Kernel->sendRequestThroughRouter(Object(Illuminate\Http\Request))
#74 /home/jamasb/projects/telestorage/vendor/laravel/octane/src/ApplicationGateway.php(36): Illuminate\Foundation\Http\Kernel->handle(Object(Illuminate\Http\Request))
#75 /home/jamasb/projects/telestorage/vendor/laravel/octane/src/Worker.php(84): Laravel\Octane\ApplicationGateway->handle(Object(Illuminate\Http\Request))
#76 /home/jamasb/projects/telestorage/vendor/laravel/octane/bin/frankenphp-worker.php(53): Laravel\Octane\Worker->handle(Object(Illuminate\Http\Request), Object(Laravel\Octane\RequestContext))
#77 [internal function]: {closure}()
#78 /home/jamasb/projects/telestorage/vendor/laravel/octane/bin/frankenphp-worker.php(74): frankenphp_handle_request(Object(Closure))
#79 /home/jamasb/projects/telestorage/public/frankenphp-worker.php(3): require('/home/jamasb/pr...')
#80 {main} while connecting to DC 2.0 via tcp://venus.web.telegram.org:80/apiw1 main DC 2, via ipv6 using HttpsStream => BufferedRawStream => DefaultStream, trying next...
Connection:     	Connecting to DC 2.0 via tcp://venus.web.telegram.org:88/apiw1 main DC 2, via ipv6 using HttpsStream => BufferedRawStream => DefaultStream
Connection:     	Amp\Socket\ConnectException: Connecting to tcp://venus.web.telegram.org:88/apiw1 @ tcp://10.10.34.36:88 failed: timeout exceeded (5.000 s) in /home/jamasb/projects/telestorage/vendor/amphp/socket/src/DnsSocketConnector.php:92
Stack trace:
#0 /home/jamasb/projects/telestorage/vendor/danog/madelineproto/src/Stream/Transport/DefaultStream.php(75): Amp\Socket\DnsSocketConnector->connect('tcp://venus.web...', Object(Amp\Socket\ConnectContext), Object(Amp\NullCancellation))
#1 /home/jamasb/projects/telestorage/vendor/danog/madelineproto/src/Stream/ConnectionContext.php(300): danog\MadelineProto\Stream\Transport\DefaultStream->connect(Object(danog\MadelineProto\Stream\ConnectionContext), '')
#2 /home/jamasb/projects/telestorage/vendor/danog/madelineproto/src/Stream/Common/BufferedRawStream.php(52): danog\MadelineProto\Stream\ConnectionContext->getStream('')
#3 /home/jamasb/projects/telestorage/vendor/danog/madelineproto/src/Stream/ConnectionContext.php(300): danog\MadelineProto\Stream\Common\BufferedRawStream->connect(Object(danog\MadelineProto\Stream\ConnectionContext), '')
#4 /home/jamasb/projects/telestorage/vendor/danog/madelineproto/src/Stream/MTProtoTransport/HttpStream.php(65): danog\MadelineProto\Stream\ConnectionContext->getStream('')
#5 /home/jamasb/projects/telestorage/vendor/danog/madelineproto/src/Stream/MTProtoTransport/HttpsStream.php(41): danog\MadelineProto\Stream\MTProtoTransport\HttpStream->connect(Object(danog\MadelineProto\Stream\ConnectionContext), '')
#6 /home/jamasb/projects/telestorage/vendor/danog/madelineproto/src/Stream/ConnectionContext.php(300): danog\MadelineProto\Stream\MTProtoTransport\HttpsStream->connect(Object(danog\MadelineProto\Stream\ConnectionContext), '')
#7 /home/jamasb/projects/telestorage/vendor/danog/madelineproto/src/Connection.php(286): danog\MadelineProto\Stream\ConnectionContext->getStream()
#8 /home/jamasb/projects/telestorage/vendor/danog/madelineproto/src/Connection.php(592): danog\MadelineProto\Connection->connect()
#9 /home/jamasb/projects/telestorage/vendor/danog/madelineproto/src/MTProtoSession/CallHandler.php(189): danog\MadelineProto\Connection->sendMessage(Object(danog\MadelineProto\MTProto\MTProtoOutgoingMessage))
#10 /home/jamasb/projects/telestorage/vendor/danog/madelineproto/src/MTProtoSession/CallHandler.php(91): danog\MadelineProto\Connection->methodCallAsyncWrite('help.getConfig', Array)
#11 /home/jamasb/projects/telestorage/vendor/danog/madelineproto/src/MTProtoTools/CallHandler.php(45): danog\MadelineProto\Connection->methodCallAsyncRead('help.getConfig', Array)
#12 /home/jamasb/projects/telestorage/vendor/danog/madelineproto/src/MTProto.php(1558): danog\MadelineProto\MTProto->methodCallAsyncRead('help.getConfig', Array)
#13 /home/jamasb/projects/telestorage/vendor/danog/madelineproto/src/MTProto.php(682): danog\MadelineProto\MTProto->getConfig()
#14 /home/jamasb/projects/telestorage/vendor/danog/madelineproto/src/MTProto.php(520): danog\MadelineProto\MTProto->initialize(Object(danog\MadelineProto\Settings))
#15 /home/jamasb/projects/telestorage/vendor/danog/madelineproto/src/API.php(219): danog\MadelineProto\MTProto->__construct(Object(danog\MadelineProto\Settings), Object(danog\MadelineProto\APIWrapper))
#16 /home/jamasb/projects/telestorage/app/Services/Telegram/TelegramSessionService.php(26): danog\MadelineProto\API->__construct('session.madelin...', Object(danog\MadelineProto\Settings))
#17 [internal function]: App\Services\Telegram\API\TelegramSessionService->__construct('session.madelin...')
#18 /home/jamasb/projects/telestorage/vendor/laravel/framework/src/Illuminate/Container/Container.php(983): ReflectionClass->newInstanceArgs(Array)
#19 /home/jamasb/projects/telestorage/vendor/laravel/framework/src/Illuminate/Container/Container.php(815): Illuminate\Container\Container->build('App\\Services\\Te...')
#20 /home/jamasb/projects/telestorage/vendor/laravel/framework/src/Illuminate/Foundation/Application.php(1048): Illuminate\Container\Container->resolve('App\\Services\\Te...', Array, true)
#21 /home/jamasb/projects/telestorage/vendor/laravel/framework/src/Illuminate/Container/Container.php(751): Illuminate\Foundation\Application->resolve('App\\Services\\Te...', Array)
#22 /home/jamasb/projects/telestorage/vendor/laravel/framework/src/Illuminate/Foundation/Application.php(1030): Illuminate\Container\Container->make('App\\Services\\Te...', Array)
#23 /home/jamasb/projects/telestorage/vendor/laravel/framework/src/Illuminate/Container/Container.php(1112): Illuminate\Foundation\Application->make('App\\Services\\Te...')
#24 /home/jamasb/projects/telestorage/vendor/laravel/framework/src/Illuminate/Container/Container.php(1022): Illuminate\Container\Container->resolveClass(Object(ReflectionParameter))
#25 /home/jamasb/projects/telestorage/vendor/laravel/framework/src/Illuminate/Container/Container.php(973): Illuminate\Container\Container->resolveDependencies(Array)
#26 /home/jamasb/projects/telestorage/vendor/laravel/framework/src/Illuminate/Container/Container.php(815): Illuminate\Container\Container->build('App\\Http\\Contro...')
#27 /home/jamasb/projects/telestorage/vendor/laravel/framework/src/Illuminate/Foundation/Application.php(1048): Illuminate\Container\Container->resolve('App\\Http\\Contro...', Array, true)
#28 /home/jamasb/projects/telestorage/vendor/laravel/framework/src/Illuminate/Container/Container.php(751): Illuminate\Foundation\Application->resolve('App\\Http\\Contro...', Array)
#29 /home/jamasb/projects/telestorage/vendor/laravel/framework/src/Illuminate/Foundation/Application.php(1030): Illuminate\Container\Container->make('App\\Http\\Contro...', Array)
#30 /home/jamasb/projects/telestorage/vendor/laravel/framework/src/Illuminate/Routing/Route.php(283): Illuminate\Foundation\Application->make('App\\Http\\Contro...')
#31 /home/jamasb/projects/telestorage/vendor/laravel/framework/src/Illuminate/Routing/Route.php(265): Illuminate\Routing\Route->getController()
#32 /home/jamasb/projects/telestorage/vendor/laravel/framework/src/Illuminate/Routing/Route.php(210): Illuminate\Routing\Route->runController()
#33 /home/jamasb/projects/telestorage/vendor/laravel/framework/src/Illuminate/Routing/Router.php(808): Illuminate\Routing\Route->run()
#34 /home/jamasb/projects/telestorage/vendor/laravel/framework/src/Illuminate/Pipeline/Pipeline.php(144): Illuminate\Routing\Router->Illuminate\Routing\{closure}(Object(Illuminate\Http\Request))
#35 /home/jamasb/projects/telestorage/vendor/laravel/framework/src/Illuminate/Routing/Middleware/SubstituteBindings.php(51): Illuminate\Pipeline\Pipeline->Illuminate\Pipeline\{closure}(Object(Illuminate\Http\Request))
#36 /home/jamasb/projects/telestorage/vendor/laravel/framework/src/Illuminate/Pipeline/Pipeline.php(183): Illuminate\Routing\Middleware\SubstituteBindings->handle(Object(Illuminate\Http\Request), Object(Closure))
#37 /home/jamasb/projects/telestorage/vendor/laravel/framework/src/Illuminate/Foundation/Http/Middleware/VerifyCsrfToken.php(88): Illuminate\Pipeline\Pipeline->Illuminate\Pipeline\{closure}(Object(Illuminate\Http\Request))
#38 /home/jamasb/projects/telestorage/vendor/laravel/framework/src/Illuminate/Pipeline/Pipeline.php(183): Illuminate\Foundation\Http\Middleware\VerifyCsrfToken->handle(Object(Illuminate\Http\Request), Object(Closure))
#39 /home/jamasb/projects/telestorage/vendor/laravel/framework/src/Illuminate/View/Middleware/ShareErrorsFromSession.php(49): Illuminate\Pipeline\Pipeline->Illuminate\Pipeline\{closure}(Object(Illuminate\Http\Request))
#40 /home/jamasb/projects/telestorage/vendor/laravel/framework/src/Illuminate/Pipeline/Pipeline.php(183): Illuminate\View\Middleware\ShareErrorsFromSession->handle(Object(Illuminate\Http\Request), Object(Closure))
#41 /home/jamasb/projects/telestorage/vendor/laravel/framework/src/Illuminate/Session/Middleware/StartSession.php(121): Illuminate\Pipeline\Pipeline->Illuminate\Pipeline\{closure}(Object(Illuminate\Http\Request))
#42 /home/jamasb/projects/telestorage/vendor/laravel/framework/src/Illuminate/Session/Middleware/StartSession.php(64): Illuminate\Session\Middleware\StartSession->handleStatefulRequest(Object(Illuminate\Http\Request), Object(Illuminate\Session\Store), Object(Closure))
#43 /home/jamasb/projects/telestorage/vendor/laravel/framework/src/Illuminate/Pipeline/Pipeline.php(183): Illuminate\Session\Middleware\StartSession->handle(Object(Illuminate\Http\Request), Object(Closure))
#44 /home/jamasb/projects/telestorage/vendor/laravel/framework/src/Illuminate/Cookie/Middleware/AddQueuedCookiesToResponse.php(37): Illuminate\Pipeline\Pipeline->Illuminate\Pipeline\{closure}(Object(Illuminate\Http\Request))
#45 /home/jamasb/projects/telestorage/vendor/laravel/framework/src/Illuminate/Pipeline/Pipeline.php(183): Illuminate\Cookie\Middleware\AddQueuedCookiesToResponse->handle(Object(Illuminate\Http\Request), Object(Closure))
#46 /home/jamasb/projects/telestorage/vendor/laravel/framework/src/Illuminate/Cookie/Middleware/EncryptCookies.php(75): Illuminate\Pipeline\Pipeline->Illuminate\Pipeline\{closure}(Object(Illuminate\Http\Request))
#47 /home/jamasb/projects/telestorage/vendor/laravel/framework/src/Illuminate/Pipeline/Pipeline.php(183): Illuminate\Cookie\Middleware\EncryptCookies->handle(Object(Illuminate\Http\Request), Object(Closure))
#48 /home/jamasb/projects/telestorage/vendor/laravel/framework/src/Illuminate/Pipeline/Pipeline.php(119): Illuminate\Pipeline\Pipeline->Illuminate\Pipeline\{closure}(Object(Illuminate\Http\Request))
#49 /home/jamasb/projects/telestorage/vendor/laravel/framework/src/Illuminate/Routing/Router.php(807): Illuminate\Pipeline\Pipeline->then(Object(Closure))
#50 /home/jamasb/projects/telestorage/vendor/laravel/framework/src/Illuminate/Routing/Router.php(786): Illuminate\Routing\Router->runRouteWithinStack(Object(Illuminate\Routing\Route), Object(Illuminate\Http\Request))
#51 /home/jamasb/projects/telestorage/vendor/laravel/framework/src/Illuminate/Routing/Router.php(750): Illuminate\Routing\Router->runRoute(Object(Illuminate\Http\Request), Object(Illuminate\Routing\Route))
#52 /home/jamasb/projects/telestorage/vendor/laravel/framework/src/Illuminate/Routing/Router.php(739): Illuminate\Routing\Router->dispatchToRoute(Object(Illuminate\Http\Request))
#53 /home/jamasb/projects/telestorage/vendor/laravel/framework/src/Illuminate/Foundation/Http/Kernel.php(201): Illuminate\Routing\Router->dispatch(Object(Illuminate\Http\Request))
#54 /home/jamasb/projects/telestorage/vendor/laravel/framework/src/Illuminate/Pipeline/Pipeline.php(144): Illuminate\Foundation\Http\Kernel->Illuminate\Foundation\Http\{closure}(Object(Illuminate\Http\Request))
#55 /home/jamasb/projects/telestorage/vendor/laravel/framework/src/Illuminate/Foundation/Http/Middleware/TransformsRequest.php(21): Illuminate\Pipeline\Pipeline->Illuminate\Pipeline\{closure}(Object(Illuminate\Http\Request))
#56 /home/jamasb/projects/telestorage/vendor/laravel/framework/src/Illuminate/Foundation/Http/Middleware/ConvertEmptyStringsToNull.php(31): Illuminate\Foundation\Http\Middleware\TransformsRequest->handle(Object(Illuminate\Http\Request), Object(Closure))
#57 /home/jamasb/projects/telestorage/vendor/laravel/framework/src/Illuminate/Pipeline/Pipeline.php(183): Illuminate\Foundation\Http\Middleware\ConvertEmptyStringsToNull->handle(Object(Illuminate\Http\Request), Object(Closure))
#58 /home/jamasb/projects/telestorage/vendor/laravel/framework/src/Illuminate/Foundation/Http/Middleware/TransformsRequest.php(21): Illuminate\Pipeline\Pipeline->Illuminate\Pipeline\{closure}(Object(Illuminate\Http\Request))
#59 /home/jamasb/projects/telestorage/vendor/laravel/framework/src/Illuminate/Foundation/Http/Middleware/TrimStrings.php(51): Illuminate\Foundation\Http\Middleware\TransformsRequest->handle(Object(Illuminate\Http\Request), Object(Closure))
#60 /home/jamasb/projects/telestorage/vendor/laravel/framework/src/Illuminate/Pipeline/Pipeline.php(183): Illuminate\Foundation\Http\Middleware\TrimStrings->handle(Object(Illuminate\Http\Request), Object(Closure))
#61 /home/jamasb/projects/telestorage/vendor/laravel/framework/src/Illuminate/Http/Middleware/ValidatePostSize.php(27): Illuminate\Pipeline\Pipeline->Illuminate\Pipeline\{closure}(Object(Illuminate\Http\Request))
#62 /home/jamasb/projects/telestorage/vendor/laravel/framework/src/Illuminate/Pipeline/Pipeline.php(183): Illuminate\Http\Middleware\ValidatePostSize->handle(Object(Illuminate\Http\Request), Object(Closure))
#63 /home/jamasb/projects/telestorage/vendor/laravel/framework/src/Illuminate/Foundation/Http/Middleware/PreventRequestsDuringMaintenance.php(110): Illuminate\Pipeline\Pipeline->Illuminate\Pipeline\{closure}(Object(Illuminate\Http\Request))
#64 /home/jamasb/projects/telestorage/vendor/laravel/framework/src/Illuminate/Pipeline/Pipeline.php(183): Illuminate\Foundation\Http\Middleware\PreventRequestsDuringMaintenance->handle(Object(Illuminate\Http\Request), Object(Closure))
#65 /home/jamasb/projects/telestorage/vendor/laravel/framework/src/Illuminate/Http/Middleware/HandleCors.php(49): Illuminate\Pipeline\Pipeline->Illuminate\Pipeline\{closure}(Object(Illuminate\Http\Request))
#66 /home/jamasb/projects/telestorage/vendor/laravel/framework/src/Illuminate/Pipeline/Pipeline.php(183): Illuminate\Http\Middleware\HandleCors->handle(Object(Illuminate\Http\Request), Object(Closure))
#67 /home/jamasb/projects/telestorage/vendor/laravel/framework/src/Illuminate/Http/Middleware/TrustProxies.php(58): Illuminate\Pipeline\Pipeline->Illuminate\Pipeline\{closure}(Object(Illuminate\Http\Request))
#68 /home/jamasb/projects/telestorage/vendor/laravel/framework/src/Illuminate/Pipeline/Pipeline.php(183): Illuminate\Http\Middleware\TrustProxies->handle(Object(Illuminate\Http\Request), Object(Closure))
#69 /home/jamasb/projects/telestorage/vendor/laravel/framework/src/Illuminate/Foundation/Http/Middleware/InvokeDeferredCallbacks.php(22): Illuminate\Pipeline\Pipeline->Illuminate\Pipeline\{closure}(Object(Illuminate\Http\Request))
#70 /home/jamasb/projects/telestorage/vendor/laravel/framework/src/Illuminate/Pipeline/Pipeline.php(183): Illuminate\Foundation\Http\Middleware\InvokeDeferredCallbacks->handle(Object(Illuminate\Http\Request), Object(Closure))
#71 /home/jamasb/projects/telestorage/vendor/laravel/framework/src/Illuminate/Pipeline/Pipeline.php(119): Illuminate\Pipeline\Pipeline->Illuminate\Pipeline\{closure}(Object(Illuminate\Http\Request))
#72 /home/jamasb/projects/telestorage/vendor/laravel/framework/src/Illuminate/Foundation/Http/Kernel.php(176): Illuminate\Pipeline\Pipeline->then(Object(Closure))
#73 /home/jamasb/projects/telestorage/vendor/laravel/framework/src/Illuminate/Foundation/Http/Kernel.php(145): Illuminate\Foundation\Http\Kernel->sendRequestThroughRouter(Object(Illuminate\Http\Request))
#74 /home/jamasb/projects/telestorage/vendor/laravel/octane/src/ApplicationGateway.php(36): Illuminate\Foundation\Http\Kernel->handle(Object(Illuminate\Http\Request))
#75 /home/jamasb/projects/telestorage/vendor/laravel/octane/src/Worker.php(84): Laravel\Octane\ApplicationGateway->handle(Object(Illuminate\Http\Request))
#76 /home/jamasb/projects/telestorage/vendor/laravel/octane/bin/frankenphp-worker.php(53): Laravel\Octane\Worker->handle(Object(Illuminate\Http\Request), Object(Laravel\Octane\RequestContext))
#77 [internal function]: {closure}()
#78 /home/jamasb/projects/telestorage/vendor/laravel/octane/bin/frankenphp-worker.php(74): frankenphp_handle_request(Object(Closure))
#79 /home/jamasb/projects/telestorage/public/frankenphp-worker.php(3): require('/home/jamasb/pr...')
#80 {main} while connecting to DC 2.0 via tcp://venus.web.telegram.org:88/apiw1 main DC 2, via ipv6 using HttpsStream => BufferedRawStream => DefaultStream, trying next...
Connection:     	Connecting to DC 2.0 via tcp://venus.web.telegram.org:5222/apiw1 main DC 2, via ipv6 using HttpsStream => BufferedRawStream => DefaultStream
Connection:     	Amp\Socket\ConnectException: Connecting to tcp://venus.web.telegram.org:5222/apiw1 @ tcp://10.10.34.36:5222 failed: timeout exceeded (5.000 s) in /home/jamasb/projects/telestorage/vendor/amphp/socket/src/DnsSocketConnector.php:92
Stack trace:
#0 /home/jamasb/projects/telestorage/vendor/danog/madelineproto/src/Stream/Transport/DefaultStream.php(75): Amp\Socket\DnsSocketConnector->connect('tcp://venus.web...', Object(Amp\Socket\ConnectContext), Object(Amp\NullCancellation))
#1 /home/jamasb/projects/telestorage/vendor/danog/madelineproto/src/Stream/ConnectionContext.php(300): danog\MadelineProto\Stream\Transport\DefaultStream->connect(Object(danog\MadelineProto\Stream\ConnectionContext), '')
#2 /home/jamasb/projects/telestorage/vendor/danog/madelineproto/src/Stream/Common/BufferedRawStream.php(52): danog\MadelineProto\Stream\ConnectionContext->getStream('')
#3 /home/jamasb/projects/telestorage/vendor/danog/madelineproto/src/Stream/ConnectionContext.php(300): danog\MadelineProto\Stream\Common\BufferedRawStream->connect(Object(danog\MadelineProto\Stream\ConnectionContext), '')
#4 /home/jamasb/projects/telestorage/vendor/danog/madelineproto/src/Stream/MTProtoTransport/HttpStream.php(65): danog\MadelineProto\Stream\ConnectionContext->getStream('')
#5 /home/jamasb/projects/telestorage/vendor/danog/madelineproto/src/Stream/MTProtoTransport/HttpsStream.php(41): danog\MadelineProto\Stream\MTProtoTransport\HttpStream->connect(Object(danog\MadelineProto\Stream\ConnectionContext), '')
#6 /home/jamasb/projects/telestorage/vendor/danog/madelineproto/src/Stream/ConnectionContext.php(300): danog\MadelineProto\Stream\MTProtoTransport\HttpsStream->connect(Object(danog\MadelineProto\Stream\ConnectionContext), '')
#7 /home/jamasb/projects/telestorage/vendor/danog/madelineproto/src/Connection.php(286): danog\MadelineProto\Stream\ConnectionContext->getStream()
#8 /home/jamasb/projects/telestorage/vendor/danog/madelineproto/src/Connection.php(592): danog\MadelineProto\Connection->connect()
#9 /home/jamasb/projects/telestorage/vendor/danog/madelineproto/src/MTProtoSession/CallHandler.php(189): danog\MadelineProto\Connection->sendMessage(Object(danog\MadelineProto\MTProto\MTProtoOutgoingMessage))
#10 /home/jamasb/projects/telestorage/vendor/danog/madelineproto/src/MTProtoSession/CallHandler.php(91): danog\MadelineProto\Connection->methodCallAsyncWrite('help.getConfig', Array)
#11 /home/jamasb/projects/telestorage/vendor/danog/madelineproto/src/MTProtoTools/CallHandler.php(45): danog\MadelineProto\Connection->methodCallAsyncRead('help.getConfig', Array)
#12 /home/jamasb/projects/telestorage/vendor/danog/madelineproto/src/MTProto.php(1558): danog\MadelineProto\MTProto->methodCallAsyncRead('help.getConfig', Array)
#13 /home/jamasb/projects/telestorage/vendor/danog/madelineproto/src/MTProto.php(682): danog\MadelineProto\MTProto->getConfig()
#14 /home/jamasb/projects/telestorage/vendor/danog/madelineproto/src/MTProto.php(520): danog\MadelineProto\MTProto->initialize(Object(danog\MadelineProto\Settings))
#15 /home/jamasb/projects/telestorage/vendor/danog/madelineproto/src/API.php(219): danog\MadelineProto\MTProto->__construct(Object(danog\MadelineProto\Settings), Object(danog\MadelineProto\APIWrapper))
#16 /home/jamasb/projects/telestorage/app/Services/Telegram/TelegramSessionService.php(26): danog\MadelineProto\API->__construct('session.madelin...', Object(danog\MadelineProto\Settings))
#17 [internal function]: App\Services\Telegram\API\TelegramSessionService->__construct('session.madelin...')
#18 /home/jamasb/projects/telestorage/vendor/laravel/framework/src/Illuminate/Container/Container.php(983): ReflectionClass->newInstanceArgs(Array)
#19 /home/jamasb/projects/telestorage/vendor/laravel/framework/src/Illuminate/Container/Container.php(815): Illuminate\Container\Container->build('App\\Services\\Te...')
#20 /home/jamasb/projects/telestorage/vendor/laravel/framework/src/Illuminate/Foundation/Application.php(1048): Illuminate\Container\Container->resolve('App\\Services\\Te...', Array, true)
#21 /home/jamasb/projects/telestorage/vendor/laravel/framework/src/Illuminate/Container/Container.php(751): Illuminate\Foundation\Application->resolve('App\\Services\\Te...', Array)
#22 /home/jamasb/projects/telestorage/vendor/laravel/framework/src/Illuminate/Foundation/Application.php(1030): Illuminate\Container\Container->make('App\\Services\\Te...', Array)
#23 /home/jamasb/projects/telestorage/vendor/laravel/framework/src/Illuminate/Container/Container.php(1112): Illuminate\Foundation\Application->make('App\\Services\\Te...')
#24 /home/jamasb/projects/telestorage/vendor/laravel/framework/src/Illuminate/Container/Container.php(1022): Illuminate\Container\Container->resolveClass(Object(ReflectionParameter))
#25 /home/jamasb/projects/telestorage/vendor/laravel/framework/src/Illuminate/Container/Container.php(973): Illuminate\Container\Container->resolveDependencies(Array)
#26 /home/jamasb/projects/telestorage/vendor/laravel/framework/src/Illuminate/Container/Container.php(815): Illuminate\Container\Container->build('App\\Http\\Contro...')
#27 /home/jamasb/projects/telestorage/vendor/laravel/framework/src/Illuminate/Foundation/Application.php(1048): Illuminate\Container\Container->resolve('App\\Http\\Contro...', Array, true)
#28 /home/jamasb/projects/telestorage/vendor/laravel/framework/src/Illuminate/Container/Container.php(751): Illuminate\Foundation\Application->resolve('App\\Http\\Contro...', Array)
#29 /home/jamasb/projects/telestorage/vendor/laravel/framework/src/Illuminate/Foundation/Application.php(1030): Illuminate\Container\Container->make('App\\Http\\Contro...', Array)
#30 /home/jamasb/projects/telestorage/vendor/laravel/framework/src/Illuminate/Routing/Route.php(283): Illuminate\Foundation\Application->make('App\\Http\\Contro...')
#31 /home/jamasb/projects/telestorage/vendor/laravel/framework/src/Illuminate/Routing/Route.php(265): Illuminate\Routing\Route->getController()
#32 /home/jamasb/projects/telestorage/vendor/laravel/framework/src/Illuminate/Routing/Route.php(210): Illuminate\Routing\Route->runController()
#33 /home/jamasb/projects/telestorage/vendor/laravel/framework/src/Illuminate/Routing/Router.php(808): Illuminate\Routing\Route->run()
#34 /home/jamasb/projects/telestorage/vendor/laravel/framework/src/Illuminate/Pipeline/Pipeline.php(144): Illuminate\Routing\Router->Illuminate\Routing\{closure}(Object(Illuminate\Http\Request))
#35 /home/jamasb/projects/telestorage/vendor/laravel/framework/src/Illuminate/Routing/Middleware/SubstituteBindings.php(51): Illuminate\Pipeline\Pipeline->Illuminate\Pipeline\{closure}(Object(Illuminate\Http\Request))
#36 /home/jamasb/projects/telestorage/vendor/laravel/framework/src/Illuminate/Pipeline/Pipeline.php(183): Illuminate\Routing\Middleware\SubstituteBindings->handle(Object(Illuminate\Http\Request), Object(Closure))
#37 /home/jamasb/projects/telestorage/vendor/laravel/framework/src/Illuminate/Foundation/Http/Middleware/VerifyCsrfToken.php(88): Illuminate\Pipeline\Pipeline->Illuminate\Pipeline\{closure}(Object(Illuminate\Http\Request))
#38 /home/jamasb/projects/telestorage/vendor/laravel/framework/src/Illuminate/Pipeline/Pipeline.php(183): Illuminate\Foundation\Http\Middleware\VerifyCsrfToken->handle(Object(Illuminate\Http\Request), Object(Closure))
#39 /home/jamasb/projects/telestorage/vendor/laravel/framework/src/Illuminate/View/Middleware/ShareErrorsFromSession.php(49): Illuminate\Pipeline\Pipeline->Illuminate\Pipeline\{closure}(Object(Illuminate\Http\Request))
#40 /home/jamasb/projects/telestorage/vendor/laravel/framework/src/Illuminate/Pipeline/Pipeline.php(183): Illuminate\View\Middleware\ShareErrorsFromSession->handle(Object(Illuminate\Http\Request), Object(Closure))
#41 /home/jamasb/projects/telestorage/vendor/laravel/framework/src/Illuminate/Session/Middleware/StartSession.php(121): Illuminate\Pipeline\Pipeline->Illuminate\Pipeline\{closure}(Object(Illuminate\Http\Request))
#42 /home/jamasb/projects/telestorage/vendor/laravel/framework/src/Illuminate/Session/Middleware/StartSession.php(64): Illuminate\Session\Middleware\StartSession->handleStatefulRequest(Object(Illuminate\Http\Request), Object(Illuminate\Session\Store), Object(Closure))
#43 /home/jamasb/projects/telestorage/vendor/laravel/framework/src/Illuminate/Pipeline/Pipeline.php(183): Illuminate\Session\Middleware\StartSession->handle(Object(Illuminate\Http\Request), Object(Closure))
#44 /home/jamasb/projects/telestorage/vendor/laravel/framework/src/Illuminate/Cookie/Middleware/AddQueuedCookiesToResponse.php(37): Illuminate\Pipeline\Pipeline->Illuminate\Pipeline\{closure}(Object(Illuminate\Http\Request))
#45 /home/jamasb/projects/telestorage/vendor/laravel/framework/src/Illuminate/Pipeline/Pipeline.php(183): Illuminate\Cookie\Middleware\AddQueuedCookiesToResponse->handle(Object(Illuminate\Http\Request), Object(Closure))
#46 /home/jamasb/projects/telestorage/vendor/laravel/framework/src/Illuminate/Cookie/Middleware/EncryptCookies.php(75): Illuminate\Pipeline\Pipeline->Illuminate\Pipeline\{closure}(Object(Illuminate\Http\Request))
#47 /home/jamasb/projects/telestorage/vendor/laravel/framework/src/Illuminate/Pipeline/Pipeline.php(183): Illuminate\Cookie\Middleware\EncryptCookies->handle(Object(Illuminate\Http\Request), Object(Closure))
#48 /home/jamasb/projects/telestorage/vendor/laravel/framework/src/Illuminate/Pipeline/Pipeline.php(119): Illuminate\Pipeline\Pipeline->Illuminate\Pipeline\{closure}(Object(Illuminate\Http\Request))
#49 /home/jamasb/projects/telestorage/vendor/laravel/framework/src/Illuminate/Routing/Router.php(807): Illuminate\Pipeline\Pipeline->then(Object(Closure))
#50 /home/jamasb/projects/telestorage/vendor/laravel/framework/src/Illuminate/Routing/Router.php(786): Illuminate\Routing\Router->runRouteWithinStack(Object(Illuminate\Routing\Route), Object(Illuminate\Http\Request))
#51 /home/jamasb/projects/telestorage/vendor/laravel/framework/src/Illuminate/Routing/Router.php(750): Illuminate\Routing\Router->runRoute(Object(Illuminate\Http\Request), Object(Illuminate\Routing\Route))
#52 /home/jamasb/projects/telestorage/vendor/laravel/framework/src/Illuminate/Routing/Router.php(739): Illuminate\Routing\Router->dispatchToRoute(Object(Illuminate\Http\Request))
#53 /home/jamasb/projects/telestorage/vendor/laravel/framework/src/Illuminate/Foundation/Http/Kernel.php(201): Illuminate\Routing\Router->dispatch(Object(Illuminate\Http\Request))
#54 /home/jamasb/projects/telestorage/vendor/laravel/framework/src/Illuminate/Pipeline/Pipeline.php(144): Illuminate\Foundation\Http\Kernel->Illuminate\Foundation\Http\{closure}(Object(Illuminate\Http\Request))
#55 /home/jamasb/projects/telestorage/vendor/laravel/framework/src/Illuminate/Foundation/Http/Middleware/TransformsRequest.php(21): Illuminate\Pipeline\Pipeline->Illuminate\Pipeline\{closure}(Object(Illuminate\Http\Request))
#56 /home/jamasb/projects/telestorage/vendor/laravel/framework/src/Illuminate/Foundation/Http/Middleware/ConvertEmptyStringsToNull.php(31): Illuminate\Foundation\Http\Middleware\TransformsRequest->handle(Object(Illuminate\Http\Request), Object(Closure))
#57 /home/jamasb/projects/telestorage/vendor/laravel/framework/src/Illuminate/Pipeline/Pipeline.php(183): Illuminate\Foundation\Http\Middleware\ConvertEmptyStringsToNull->handle(Object(Illuminate\Http\Request), Object(Closure))
#58 /home/jamasb/projects/telestorage/vendor/laravel/framework/src/Illuminate/Foundation/Http/Middleware/TransformsRequest.php(21): Illuminate\Pipeline\Pipeline->Illuminate\Pipeline\{closure}(Object(Illuminate\Http\Request))
#59 /home/jamasb/projects/telestorage/vendor/laravel/framework/src/Illuminate/Foundation/Http/Middleware/TrimStrings.php(51): Illuminate\Foundation\Http\Middleware\TransformsRequest->handle(Object(Illuminate\Http\Request), Object(Closure))
#60 /home/jamasb/projects/telestorage/vendor/laravel/framework/src/Illuminate/Pipeline/Pipeline.php(183): Illuminate\Foundation\Http\Middleware\TrimStrings->handle(Object(Illuminate\Http\Request), Object(Closure))
#61 /home/jamasb/projects/telestorage/vendor/laravel/framework/src/Illuminate/Http/Middleware/ValidatePostSize.php(27): Illuminate\Pipeline\Pipeline->Illuminate\Pipeline\{closure}(Object(Illuminate\Http\Request))
#62 /home/jamasb/projects/telestorage/vendor/laravel/framework/src/Illuminate/Pipeline/Pipeline.php(183): Illuminate\Http\Middleware\ValidatePostSize->handle(Object(Illuminate\Http\Request), Object(Closure))
#63 /home/jamasb/projects/telestorage/vendor/laravel/framework/src/Illuminate/Foundation/Http/Middleware/PreventRequestsDuringMaintenance.php(110): Illuminate\Pipeline\Pipeline->Illuminate\Pipeline\{closure}(Object(Illuminate\Http\Request))
#64 /home/jamasb/projects/telestorage/vendor/laravel/framework/src/Illuminate/Pipeline/Pipeline.php(183): Illuminate\Foundation\Http\Middleware\PreventRequestsDuringMaintenance->handle(Object(Illuminate\Http\Request), Object(Closure))
#65 /home/jamasb/projects/telestorage/vendor/laravel/framework/src/Illuminate/Http/Middleware/HandleCors.php(49): Illuminate\Pipeline\Pipeline->Illuminate\Pipeline\{closure}(Object(Illuminate\Http\Request))
#66 /home/jamasb/projects/telestorage/vendor/laravel/framework/src/Illuminate/Pipeline/Pipeline.php(183): Illuminate\Http\Middleware\HandleCors->handle(Object(Illuminate\Http\Request), Object(Closure))
#67 /home/jamasb/projects/telestorage/vendor/laravel/framework/src/Illuminate/Http/Middleware/TrustProxies.php(58): Illuminate\Pipeline\Pipeline->Illuminate\Pipeline\{closure}(Object(Illuminate\Http\Request))
#68 /home/jamasb/projects/telestorage/vendor/laravel/framework/src/Illuminate/Pipeline/Pipeline.php(183): Illuminate\Http\Middleware\TrustProxies->handle(Object(Illuminate\Http\Request), Object(Closure))
#69 /home/jamasb/projects/telestorage/vendor/laravel/framework/src/Illuminate/Foundation/Http/Middleware/InvokeDeferredCallbacks.php(22): Illuminate\Pipeline\Pipeline->Illuminate\Pipeline\{closure}(Object(Illuminate\Http\Request))
#70 /home/jamasb/projects/telestorage/vendor/laravel/framework/src/Illuminate/Pipeline/Pipeline.php(183): Illuminate\Foundation\Http\Middleware\InvokeDeferredCallbacks->handle(Object(Illuminate\Http\Request), Object(Closure))
#71 /home/jamasb/projects/telestorage/vendor/laravel/framework/src/Illuminate/Pipeline/Pipeline.php(119): Illuminate\Pipeline\Pipeline->Illuminate\Pipeline\{closure}(Object(Illuminate\Http\Request))
#72 /home/jamasb/projects/telestorage/vendor/laravel/framework/src/Illuminate/Foundation/Http/Kernel.php(176): Illuminate\Pipeline\Pipeline->then(Object(Closure))
#73 /home/jamasb/projects/telestorage/vendor/laravel/framework/src/Illuminate/Foundation/Http/Kernel.php(145): Illuminate\Foundation\Http\Kernel->sendRequestThroughRouter(Object(Illuminate\Http\Request))
#74 /home/jamasb/projects/telestorage/vendor/laravel/octane/src/ApplicationGateway.php(36): Illuminate\Foundation\Http\Kernel->handle(Object(Illuminate\Http\Request))
#75 /home/jamasb/projects/telestorage/vendor/laravel/octane/src/Worker.php(84): Laravel\Octane\ApplicationGateway->handle(Object(Illuminate\Http\Request))
#76 /home/jamasb/projects/telestorage/vendor/laravel/octane/bin/frankenphp-worker.php(53): Laravel\Octane\Worker->handle(Object(Illuminate\Http\Request), Object(Laravel\Octane\RequestContext))
#77 [internal function]: {closure}()
#78 /home/jamasb/projects/telestorage/vendor/laravel/octane/bin/frankenphp-worker.php(74): frankenphp_handle_request(Object(Closure))
#79 /home/jamasb/projects/telestorage/public/frankenphp-worker.php(3): require('/home/jamasb/pr...')
#80 {main} while connecting to DC 2.0 via tcp://venus.web.telegram.org:5222/apiw1 main DC 2, via ipv6 using HttpsStream => BufferedRawStream => DefaultStream, trying next...
MTProto:        	Reporting: AssertionError: Could not connect to DC 2.0! in /home/jamasb/projects/telestorage/vendor/danog/madelineproto/src/Connection.php:332
Stack trace:
#0 /home/jamasb/projects/telestorage/vendor/danog/madelineproto/src/Connection.php(592): danog\MadelineProto\Connection->connect()
#1 /home/jamasb/projects/telestorage/vendor/danog/madelineproto/src/MTProtoSession/CallHandler.php(189): danog\MadelineProto\Connection->sendMessage(Object(danog\MadelineProto\MTProto\MTProtoOutgoingMessage))
#2 /home/jamasb/projects/telestorage/vendor/danog/madelineproto/src/MTProtoSession/CallHandler.php(91): danog\MadelineProto\Connection->methodCallAsyncWrite('help.getConfig', Array)
#3 /home/jamasb/projects/telestorage/vendor/danog/madelineproto/src/MTProtoTools/CallHandler.php(45): danog\MadelineProto\Connection->methodCallAsyncRead('help.getConfig', Array)
#4 /home/jamasb/projects/telestorage/vendor/danog/madelineproto/src/MTProto.php(1558): danog\MadelineProto\MTProto->methodCallAsyncRead('help.getConfig', Array)
#5 /home/jamasb/projects/telestorage/vendor/danog/madelineproto/src/MTProto.php(682): danog\MadelineProto\MTProto->getConfig()
#6 /home/jamasb/projects/telestorage/vendor/danog/madelineproto/src/MTProto.php(520): danog\MadelineProto\MTProto->initialize(Object(danog\MadelineProto\Settings))
#7 /home/jamasb/projects/telestorage/vendor/danog/madelineproto/src/API.php(219): danog\MadelineProto\MTProto->__construct(Object(danog\MadelineProto\Settings), Object(danog\MadelineProto\APIWrapper))
#8 /home/jamasb/projects/telestorage/app/Services/Telegram/TelegramSessionService.php(26): danog\MadelineProto\API->__construct('session.madelin...', Object(danog\MadelineProto\Settings))
#9 [internal function]: App\Services\Telegram\API\TelegramSessionService->__construct('session.madelin...')
#10 /home/jamasb/projects/telestorage/vendor/laravel/framework/src/Illuminate/Container/Container.php(983): ReflectionClass->newInstanceArgs(Array)
#11 /home/jamasb/projects/telestorage/vendor/laravel/framework/src/Illuminate/Container/Container.php(815): Illuminate\Container\Container->build('App\\Services\\Te...')
#12 /home/jamasb/projects/telestorage/vendor/laravel/framework/src/Illuminate/Foundation/Application.php(1048): Illuminate\Container\Container->resolve('App\\Services\\Te...', Array, true)
#13 /home/jamasb/projects/telestorage/vendor/laravel/framework/src/Illuminate/Container/Container.php(751): Illuminate\Foundation\Application->resolve('App\\Services\\Te...', Array)
#14 /home/jamasb/projects/telestorage/vendor/laravel/framework/src/Illuminate/Foundation/Application.php(1030): Illuminate\Container\Container->make('App\\Services\\Te...', Array)
#15 /home/jamasb/projects/telestorage/vendor/laravel/framework/src/Illuminate/Container/Container.php(1112): Illuminate\Foundation\Application->make('App\\Services\\Te...')
#16 /home/jamasb/projects/telestorage/vendor/laravel/framework/src/Illuminate/Container/Container.php(1022): Illuminate\Container\Container->resolveClass(Object(ReflectionParameter))
#17 /home/jamasb/projects/telestorage/vendor/laravel/framework/src/Illuminate/Container/Container.php(973): Illuminate\Container\Container->resolveDependencies(Array)
#18 /home/jamasb/projects/telestorage/vendor/laravel/framework/src/Illuminate/Container/Container.php(815): Illuminate\Container\Container->build('App\\Http\\Contro...')
#19 /home/jamasb/projects/telestorage/vendor/laravel/framework/src/Illuminate/Foundation/Application.php(1048): Illuminate\Container\Container->resolve('App\\Http\\Contro...', Array, true)
#20 /home/jamasb/projects/telestorage/vendor/laravel/framework/src/Illuminate/Container/Container.php(751): Illuminate\Foundation\Application->resolve('App\\Http\\Contro...', Array)
#21 /home/jamasb/projects/telestorage/vendor/laravel/framework/src/Illuminate/Foundation/Application.php(1030): Illuminate\Container\Container->make('App\\Http\\Contro...', Array)
#22 /home/jamasb/projects/telestorage/vendor/laravel/framework/src/Illuminate/Routing/Route.php(283): Illuminate\Foundation\Application->make('App\\Http\\Contro...')
#23 /home/jamasb/projects/telestorage/vendor/laravel/framework/src/Illuminate/Routing/Route.php(265): Illuminate\Routing\Route->getController()
#24 /home/jamasb/projects/telestorage/vendor/laravel/framework/src/Illuminate/Routing/Route.php(210): Illuminate\Routing\Route->runController()
#25 /home/jamasb/projects/telestorage/vendor/laravel/framework/src/Illuminate/Routing/Router.php(808): Illuminate\Routing\Route->run()
#26 /home/jamasb/projects/telestorage/vendor/laravel/framework/src/Illuminate/Pipeline/Pipeline.php(144): Illuminate\Routing\Router->Illuminate\Routing\{closure}(Object(Illuminate\Http\Request))
#27 /home/jamasb/projects/telestorage/vendor/laravel/framework/src/Illuminate/Routing/Middleware/SubstituteBindings.php(51): Illuminate\Pipeline\Pipeline->Illuminate\Pipeline\{closure}(Object(Illuminate\Http\Request))
#28 /home/jamasb/projects/telestorage/vendor/laravel/framework/src/Illuminate/Pipeline/Pipeline.php(183): Illuminate\Routing\Middleware\SubstituteBindings->handle(Object(Illuminate\Http\Request), Object(Closure))
#29 /home/jamasb/projects/telestorage/vendor/laravel/framework/src/Illuminate/Foundation/Http/Middleware/VerifyCsrfToken.php(88): Illuminate\Pipeline\Pipeline->Illuminate\Pipeline\{closure}(Object(Illuminate\Http\Request))
#30 /home/jamasb/projects/telestorage/vendor/laravel/framework/src/Illuminate/Pipeline/Pipeline.php(183): Illuminate\Foundation\Http\Middleware\VerifyCsrfToken->handle(Object(Illuminate\Http\Request), Object(Closure))
#31 /home/jamasb/projects/telestorage/vendor/laravel/framework/src/Illuminate/View/Middleware/ShareErrorsFromSession.php(49): Illuminate\Pipeline\Pipeline->Illuminate\Pipeline\{closure}(Object(Illuminate\Http\Request))
#32 /home/jamasb/projects/telestorage/vendor/laravel/framework/src/Illuminate/Pipeline/Pipeline.php(183): Illuminate\View\Middleware\ShareErrorsFromSession->handle(Object(Illuminate\Http\Request), Object(Closure))
#33 /home/jamasb/projects/telestorage/vendor/laravel/framework/src/Illuminate/Session/Middleware/StartSession.php(121): Illuminate\Pipeline\Pipeline->Illuminate\Pipeline\{closure}(Object(Illuminate\Http\Request))
#34 /home/jamasb/projects/telestorage/vendor/laravel/framework/src/Illuminate/Session/Middleware/StartSession.php(64): Illuminate\Session\Middleware\StartSession->handleStatefulRequest(Object(Illuminate\Http\Request), Object(Illuminate\Session\Store), Object(Closure))
#35 /home/jamasb/projects/telestorage/vendor/laravel/framework/src/Illuminate/Pipeline/Pipeline.php(183): Illuminate\Session\Middleware\StartSession->handle(Object(Illuminate\Http\Request), Object(Closure))
#36 /home/jamasb/projects/telestorage/vendor/laravel/framework/src/Illuminate/Cookie/Middleware/AddQueuedCookiesToResponse.php(37): Illuminate\Pipeline\Pipeline->Illuminate\Pipeline\{closure}(Object(Illuminate\Http\Request))
#37 /home/jamasb/projects/telestorage/vendor/laravel/framework/src/Illuminate/Pipeline/Pipeline.php(183): Illuminate\Cookie\Middleware\AddQueuedCookiesToResponse->handle(Object(Illuminate\Http\Request), Object(Closure))
#38 /home/jamasb/projects/telestorage/vendor/laravel/framework/src/Illuminate/Cookie/Middleware/EncryptCookies.php(75): Illuminate\Pipeline\Pipeline->Illuminate\Pipeline\{closure}(Object(Illuminate\Http\Request))
#39 /home/jamasb/projects/telestorage/vendor/laravel/framework/src/Illuminate/Pipeline/Pipeline.php(183): Illuminate\Cookie\Middleware\EncryptCookies->handle(Object(Illuminate\Http\Request), Object(Closure))
#40 /home/jamasb/projects/telestorage/vendor/laravel/framework/src/Illuminate/Pipeline/Pipeline.php(119): Illuminate\Pipeline\Pipeline->Illuminate\Pipeline\{closure}(Object(Illuminate\Http\Request))
#41 /home/jamasb/projects/telestorage/vendor/laravel/framework/src/Illuminate/Routing/Router.php(807): Illuminate\Pipeline\Pipeline->then(Object(Closure))
#42 /home/jamasb/projects/telestorage/vendor/laravel/framework/src/Illuminate/Routing/Router.php(786): Illuminate\Routing\Router->runRouteWithinStack(Object(Illuminate\Routing\Route), Object(Illuminate\Http\Request))
#43 /home/jamasb/projects/telestorage/vendor/laravel/framework/src/Illuminate/Routing/Router.php(750): Illuminate\Routing\Router->runRoute(Object(Illuminate\Http\Request), Object(Illuminate\Routing\Route))
#44 /home/jamasb/projects/telestorage/vendor/laravel/framework/src/Illuminate/Routing/Router.php(739): Illuminate\Routing\Router->dispatchToRoute(Object(Illuminate\Http\Request))
#45 /home/jamasb/projects/telestorage/vendor/laravel/framework/src/Illuminate/Foundation/Http/Kernel.php(201): Illuminate\Routing\Router->dispatch(Object(Illuminate\Http\Request))
#46 /home/jamasb/projects/telestorage/vendor/laravel/framework/src/Illuminate/Pipeline/Pipeline.php(144): Illuminate\Foundation\Http\Kernel->Illuminate\Foundation\Http\{closure}(Object(Illuminate\Http\Request))
#47 /home/jamasb/projects/telestorage/vendor/laravel/framework/src/Illuminate/Foundation/Http/Middleware/TransformsRequest.php(21): Illuminate\Pipeline\Pipeline->Illuminate\Pipeline\{closure}(Object(Illuminate\Http\Request))
#48 /home/jamasb/projects/telestorage/vendor/laravel/framework/src/Illuminate/Foundation/Http/Middleware/ConvertEmptyStringsToNull.php(31): Illuminate\Foundation\Http\Middleware\TransformsRequest->handle(Object(Illuminate\Http\Request), Object(Closure))
#49 /home/jamasb/projects/telestorage/vendor/laravel/framework/src/Illuminate/Pipeline/Pipeline.php(183): Illuminate\Foundation\Http\Middleware\ConvertEmptyStringsToNull->handle(Object(Illuminate\Http\Request), Object(Closure))
#50 /home/jamasb/projects/telestorage/vendor/laravel/framework/src/Illuminate/Foundation/Http/Middleware/TransformsRequest.php(21): Illuminate\Pipeline\Pipeline->Illuminate\Pipeline\{closure}(Object(Illuminate\Http\Request))
#51 /home/jamasb/projects/telestorage/vendor/laravel/framework/src/Illuminate/Foundation/Http/Middleware/TrimStrings.php(51): Illuminate\Foundation\Http\Middleware\TransformsRequest->handle(Object(Illuminate\Http\Request), Object(Closure))
#52 /home/jamasb/projects/telestorage/vendor/laravel/framework/src/Illuminate/Pipeline/Pipeline.php(183): Illuminate\Foundation\Http\Middleware\TrimStrings->handle(Object(Illuminate\Http\Request), Object(Closure))
#53 /home/jamasb/projects/telestorage/vendor/laravel/framework/src/Illuminate/Http/Middleware/ValidatePostSize.php(27): Illuminate\Pipeline\Pipeline->Illuminate\Pipeline\{closure}(Object(Illuminate\Http\Request))
#54 /home/jamasb/projects/telestorage/vendor/laravel/framework/src/Illuminate/Pipeline/Pipeline.php(183): Illuminate\Http\Middleware\ValidatePostSize->handle(Object(Illuminate\Http\Request), Object(Closure))
#55 /home/jamasb/projects/telestorage/vendor/laravel/framework/src/Illuminate/Foundation/Http/Middleware/PreventRequestsDuringMaintenance.php(110): Illuminate\Pipeline\Pipeline->Illuminate\Pipeline\{closure}(Object(Illuminate\Http\Request))
#56 /home/jamasb/projects/telestorage/vendor/laravel/framework/src/Illuminate/Pipeline/Pipeline.php(183): Illuminate\Foundation\Http\Middleware\PreventRequestsDuringMaintenance->handle(Object(Illuminate\Http\Request), Object(Closure))
#57 /home/jamasb/projects/telestorage/vendor/laravel/framework/src/Illuminate/Http/Middleware/HandleCors.php(49): Illuminate\Pipeline\Pipeline->Illuminate\Pipeline\{closure}(Object(Illuminate\Http\Request))
#58 /home/jamasb/projects/telestorage/vendor/laravel/framework/src/Illuminate/Pipeline/Pipeline.php(183): Illuminate\Http\Middleware\HandleCors->handle(Object(Illuminate\Http\Request), Object(Closure))
#59 /home/jamasb/projects/telestorage/vendor/laravel/framework/src/Illuminate/Http/Middleware/TrustProxies.php(58): Illuminate\Pipeline\Pipeline->Illuminate\Pipeline\{closure}(Object(Illuminate\Http\Request))
#60 /home/jamasb/projects/telestorage/vendor/laravel/framework/src/Illuminate/Pipeline/Pipeline.php(183): Illuminate\Http\Middleware\TrustProxies->handle(Object(Illuminate\Http\Request), Object(Closure))
#61 /home/jamasb/projects/telestorage/vendor/laravel/framework/src/Illuminate/Foundation/Http/Middleware/InvokeDeferredCallbacks.php(22): Illuminate\Pipeline\Pipeline->Illuminate\Pipeline\{closure}(Object(Illuminate\Http\Request))
#62 /home/jamasb/projects/telestorage/vendor/laravel/framework/src/Illuminate/Pipeline/Pipeline.php(183): Illuminate\Foundation\Http\Middleware\InvokeDeferredCallbacks->handle(Object(Illuminate\Http\Request), Object(Closure))
#63 /home/jamasb/projects/telestorage/vendor/laravel/framework/src/Illuminate/Pipeline/Pipeline.php(119): Illuminate\Pipeline\Pipeline->Illuminate\Pipeline\{closure}(Object(Illuminate\Http\Request))
#64 /home/jamasb/projects/telestorage/vendor/laravel/framework/src/Illuminate/Foundation/Http/Kernel.php(176): Illuminate\Pipeline\Pipeline->then(Object(Closure))
#65 /home/jamasb/projects/telestorage/vendor/laravel/framework/src/Illuminate/Foundation/Http/Kernel.php(145): Illuminate\Foundation\Http\Kernel->sendRequestThroughRouter(Object(Illuminate\Http\Request))
#66 /home/jamasb/projects/telestorage/vendor/laravel/octane/src/ApplicationGateway.php(36): Illuminate\Foundation\Http\Kernel->handle(Object(Illuminate\Http\Request))
#67 /home/jamasb/projects/telestorage/vendor/laravel/octane/src/Worker.php(84): Laravel\Octane\ApplicationGateway->handle(Object(Illuminate\Http\Request))
#68 /home/jamasb/projects/telestorage/vendor/laravel/octane/bin/frankenphp-worker.php(53): Laravel\Octane\Worker->handle(Object(Illuminate\Http\Request), Object(Laravel\Octane\RequestContext))
#69 [internal function]: {closure}()
#70 /home/jamasb/projects/telestorage/vendor/laravel/octane/bin/frankenphp-worker.php(74): frankenphp_handle_request(Object(Closure))
#71 /home/jamasb/projects/telestorage/public/frankenphp-worker.php(3): require('/home/jamasb/pr...')
#72 {main}
MTProto:        	Prompting final serialization (SHUTDOWN)...
MTProto:        	Done final serialization (SHUTDOWN)!
Connection:     	Connecting to DC 2.0 via tcp://149.154.167.51:443 main DC 2, via ipv4 using AbridgedStream => BufferedRawStream => DefaultStream
AbstractServer: 	Accepted IPC client connection!
